The system is: Linux - 4.1.6-1-ARCH - x86_64
Compiling the C compiler identification source file "CMakeCCompilerId.c" succeeded.
Compiler: /usr/lib/hardening-wrapper/bin/cc 
Build flags: 
Id flags: 

The output was:
0


Compilation of the C compiler identification source "CMakeCCompilerId.c" produced "a.out"

The C compiler identification is GNU, found in "/home/justin/game/CMakeFiles/3.3.1/CompilerIdC/a.out"

Compiling the CXX compiler identification source file "CMakeCXXCompilerId.cpp" succeeded.
Compiler: /usr/lib/hardening-wrapper/bin/c++ 
Build flags: 
Id flags: 

The output was:
0


Compilation of the CXX compiler identification source "CMakeCXXCompilerId.cpp" produced "a.out"

The CXX compiler identification is GNU, found in "/home/justin/game/CMakeFiles/3.3.1/CompilerIdCXX/a.out"

Determining if the C compiler works passed with the following output:
Change Dir: /home/justin/game/CMakeFiles/CMakeTmp

Run Build Command:"/usr/bin/make" "cmTC_3026d/fast"
/usr/bin/make -f CMakeFiles/cmTC_3026d.dir/build.make CMakeFiles/cmTC_3026d.dir/build
make[1]: Entering directory '/home/justin/game/CMakeFiles/CMakeTmp'
Building C object CMakeFiles/cmTC_3026d.dir/testCCompiler.c.o
/usr/lib/hardening-wrapper/bin/cc    -o CMakeFiles/cmTC_3026d.dir/testCCompiler.c.o   -c /home/justin/game/CMakeFiles/CMakeTmp/testCCompiler.c
Linking C executable cmTC_3026d
/usr/bin/cmake -E cmake_link_script CMakeFiles/cmTC_3026d.dir/link.txt --verbose=1
/usr/lib/hardening-wrapper/bin/cc       CMakeFiles/cmTC_3026d.dir/testCCompiler.c.o  -o cmTC_3026d -rdynamic 
make[1]: Leaving directory '/home/justin/game/CMakeFiles/CMakeTmp'


Detecting C compiler ABI info compiled with the following output:
Change Dir: /home/justin/game/CMakeFiles/CMakeTmp

Run Build Command:"/usr/bin/make" "cmTC_c7de8/fast"
/usr/bin/make -f CMakeFiles/cmTC_c7de8.dir/build.make CMakeFiles/cmTC_c7de8.dir/build
make[1]: Entering directory '/home/justin/game/CMakeFiles/CMakeTmp'
Building C object CMakeFiles/cmTC_c7de8.dir/CMakeCCompilerABI.c.o
/usr/lib/hardening-wrapper/bin/cc    -o CMakeFiles/cmTC_c7de8.dir/CMakeCCompilerABI.c.o   -c /usr/share/cmake-3.3/Modules/CMakeCCompilerABI.c
Linking C executable cmTC_c7de8
/usr/bin/cmake -E cmake_link_script CMakeFiles/cmTC_c7de8.dir/link.txt --verbose=1
/usr/lib/hardening-wrapper/bin/cc      -v CMakeFiles/cmTC_c7de8.dir/CMakeCCompilerABI.c.o  -o cmTC_c7de8 -rdynamic  
Using built-in specs.
COLLECT_GCC=/usr/bin/cc
COLLECT_LTO_WRAPPER=/usr/lib/gcc/x86_64-unknown-linux-gnu/5.2.0/lto-wrapper
Target: x86_64-unknown-linux-gnu
Configured with: /build/gcc/src/gcc-5.2.0/configure --prefix=/usr --libdir=/usr/lib --libexecdir=/usr/lib --mandir=/usr/share/man --infodir=/usr/share/info --with-bugurl=https://bugs.archlinux.org/ --enable-languages=c,c++,ada,fortran,go,lto,objc,obj-c++ --enable-shared --enable-threads=posix --enable-libmpx --with-system-zlib --with-isl --enable-__cxa_atexit --disable-libunwind-exceptions --enable-clocale=gnu --disable-libstdcxx-pch --disable-libssp --enable-gnu-unique-object --enable-linker-build-id --enable-lto --enable-plugin --enable-install-libiberty --with-linker-hash-style=gnu --enable-gnu-indirect-function --disable-multilib --disable-werror --enable-checking=release --with-default-libstdcxx-abi=gcc4-compatible
Thread model: posix
gcc version 5.2.0 (GCC) 
COMPILER_PATH=/usr/lib/hardening-wrapper/bin/:/usr/lib/gcc/x86_64-unknown-linux-gnu/5.2.0/:/usr/lib/gcc/x86_64-unknown-linux-gnu/5.2.0/:/usr/lib/gcc/x86_64-unknown-linux-gnu/:/usr/lib/gcc/x86_64-unknown-linux-gnu/5.2.0/:/usr/lib/gcc/x86_64-unknown-linux-gnu/
LIBRARY_PATH=/usr/lib/hardening-wrapper/bin/:/usr/lib/gcc/x86_64-unknown-linux-gnu/5.2.0/:/usr/lib/gcc/x86_64-unknown-linux-gnu/5.2.0/../../../../lib/:/lib/../lib/:/usr/lib/../lib/:/usr/lib/gcc/x86_64-unknown-linux-gnu/5.2.0/../../../:/lib/:/usr/lib/
COLLECT_GCC_OPTIONS='-B' '/usr/lib/hardening-wrapper/bin' '-fPIE' '-pie' '-fstack-check=specific' '-fstack-protector-strong' '-v' '-o' 'cmTC_c7de8' '-rdynamic' '-mtune=generic' '-march=x86-64'
 /usr/lib/gcc/x86_64-unknown-linux-gnu/5.2.0/collect2 -plugin /usr/lib/gcc/x86_64-unknown-linux-gnu/5.2.0/liblto_plugin.so -plugin-opt=/usr/lib/gcc/x86_64-unknown-linux-gnu/5.2.0/lto-wrapper -plugin-opt=-fresolution=/tmp/cco3comp.res -plugin-opt=-pass-through=-lgcc -plugin-opt=-pass-through=-lgcc_s -plugin-opt=-pass-through=-lc -plugin-opt=-pass-through=-lgcc -plugin-opt=-pass-through=-lgcc_s --build-id --eh-frame-hdr --hash-style=gnu -m elf_x86_64 -export-dynamic -dynamic-linker /lib64/ld-linux-x86-64.so.2 -pie -o cmTC_c7de8 /usr/lib/gcc/x86_64-unknown-linux-gnu/5.2.0/../../../../lib/Scrt1.o /usr/lib/gcc/x86_64-unknown-linux-gnu/5.2.0/../../../../lib/crti.o /usr/lib/gcc/x86_64-unknown-linux-gnu/5.2.0/crtbeginS.o -L/usr/lib/hardening-wrapper/bin -L/usr/lib/gcc/x86_64-unknown-linux-gnu/5.2.0 -L/usr/lib/gcc/x86_64-unknown-linux-gnu/5.2.0/../../../../lib -L/lib/../lib -L/usr/lib/../lib -L/usr/lib/gcc/x86_64-unknown-linux-gnu/5.2.0/../../.. CMakeFiles/cmTC_c7de8.dir/CMakeCCompilerABI.c.o -lgcc --as-needed -lgcc_s --no-as-needed -lc -lgcc --as-needed -lgcc_s --no-as-needed /usr/lib/gcc/x86_64-unknown-linux-gnu/5.2.0/crtendS.o /usr/lib/gcc/x86_64-unknown-linux-gnu/5.2.0/../../../../lib/crtn.o
make[1]: Leaving directory '/home/justin/game/CMakeFiles/CMakeTmp'


Parsed C implicit link information from above output:
  link line regex: [^( *|.*[/\])(ld|([^/\]+-)?ld|collect2)[^/\]*( |$)]
  ignore line: [Change Dir: /home/justin/game/CMakeFiles/CMakeTmp]
  ignore line: []
  ignore line: [Run Build Command:"/usr/bin/make" "cmTC_c7de8/fast"]
  ignore line: [/usr/bin/make -f CMakeFiles/cmTC_c7de8.dir/build.make CMakeFiles/cmTC_c7de8.dir/build]
  ignore line: [make[1]: Entering directory '/home/justin/game/CMakeFiles/CMakeTmp']
  ignore line: [Building C object CMakeFiles/cmTC_c7de8.dir/CMakeCCompilerABI.c.o]
  ignore line: [/usr/lib/hardening-wrapper/bin/cc    -o CMakeFiles/cmTC_c7de8.dir/CMakeCCompilerABI.c.o   -c /usr/share/cmake-3.3/Modules/CMakeCCompilerABI.c]
  ignore line: [Linking C executable cmTC_c7de8]
  ignore line: [/usr/bin/cmake -E cmake_link_script CMakeFiles/cmTC_c7de8.dir/link.txt --verbose=1]
  ignore line: [/usr/lib/hardening-wrapper/bin/cc      -v CMakeFiles/cmTC_c7de8.dir/CMakeCCompilerABI.c.o  -o cmTC_c7de8 -rdynamic  ]
  ignore line: [Using built-in specs.]
  ignore line: [COLLECT_GCC=/usr/bin/cc]
  ignore line: [COLLECT_LTO_WRAPPER=/usr/lib/gcc/x86_64-unknown-linux-gnu/5.2.0/lto-wrapper]
  ignore line: [Target: x86_64-unknown-linux-gnu]
  ignore line: [Configured with: /build/gcc/src/gcc-5.2.0/configure --prefix=/usr --libdir=/usr/lib --libexecdir=/usr/lib --mandir=/usr/share/man --infodir=/usr/share/info --with-bugurl=https://bugs.archlinux.org/ --enable-languages=c,c++,ada,fortran,go,lto,objc,obj-c++ --enable-shared --enable-threads=posix --enable-libmpx --with-system-zlib --with-isl --enable-__cxa_atexit --disable-libunwind-exceptions --enable-clocale=gnu --disable-libstdcxx-pch --disable-libssp --enable-gnu-unique-object --enable-linker-build-id --enable-lto --enable-plugin --enable-install-libiberty --with-linker-hash-style=gnu --enable-gnu-indirect-function --disable-multilib --disable-werror --enable-checking=release --with-default-libstdcxx-abi=gcc4-compatible]
  ignore line: [Thread model: posix]
  ignore line: [gcc version 5.2.0 (GCC) ]
  ignore line: [COMPILER_PATH=/usr/lib/hardening-wrapper/bin/:/usr/lib/gcc/x86_64-unknown-linux-gnu/5.2.0/:/usr/lib/gcc/x86_64-unknown-linux-gnu/5.2.0/:/usr/lib/gcc/x86_64-unknown-linux-gnu/:/usr/lib/gcc/x86_64-unknown-linux-gnu/5.2.0/:/usr/lib/gcc/x86_64-unknown-linux-gnu/]
  ignore line: [LIBRARY_PATH=/usr/lib/hardening-wrapper/bin/:/usr/lib/gcc/x86_64-unknown-linux-gnu/5.2.0/:/usr/lib/gcc/x86_64-unknown-linux-gnu/5.2.0/../../../../lib/:/lib/../lib/:/usr/lib/../lib/:/usr/lib/gcc/x86_64-unknown-linux-gnu/5.2.0/../../../:/lib/:/usr/lib/]
  ignore line: [COLLECT_GCC_OPTIONS='-B' '/usr/lib/hardening-wrapper/bin' '-fPIE' '-pie' '-fstack-check=specific' '-fstack-protector-strong' '-v' '-o' 'cmTC_c7de8' '-rdynamic' '-mtune=generic' '-march=x86-64']
  link line: [ /usr/lib/gcc/x86_64-unknown-linux-gnu/5.2.0/collect2 -plugin /usr/lib/gcc/x86_64-unknown-linux-gnu/5.2.0/liblto_plugin.so -plugin-opt=/usr/lib/gcc/x86_64-unknown-linux-gnu/5.2.0/lto-wrapper -plugin-opt=-fresolution=/tmp/cco3comp.res -plugin-opt=-pass-through=-lgcc -plugin-opt=-pass-through=-lgcc_s -plugin-opt=-pass-through=-lc -plugin-opt=-pass-through=-lgcc -plugin-opt=-pass-through=-lgcc_s --build-id --eh-frame-hdr --hash-style=gnu -m elf_x86_64 -export-dynamic -dynamic-linker /lib64/ld-linux-x86-64.so.2 -pie -o cmTC_c7de8 /usr/lib/gcc/x86_64-unknown-linux-gnu/5.2.0/../../../../lib/Scrt1.o /usr/lib/gcc/x86_64-unknown-linux-gnu/5.2.0/../../../../lib/crti.o /usr/lib/gcc/x86_64-unknown-linux-gnu/5.2.0/crtbeginS.o -L/usr/lib/hardening-wrapper/bin -L/usr/lib/gcc/x86_64-unknown-linux-gnu/5.2.0 -L/usr/lib/gcc/x86_64-unknown-linux-gnu/5.2.0/../../../../lib -L/lib/../lib -L/usr/lib/../lib -L/usr/lib/gcc/x86_64-unknown-linux-gnu/5.2.0/../../.. CMakeFiles/cmTC_c7de8.dir/CMakeCCompilerABI.c.o -lgcc --as-needed -lgcc_s --no-as-needed -lc -lgcc --as-needed -lgcc_s --no-as-needed /usr/lib/gcc/x86_64-unknown-linux-gnu/5.2.0/crtendS.o /usr/lib/gcc/x86_64-unknown-linux-gnu/5.2.0/../../../../lib/crtn.o]
    arg [/usr/lib/gcc/x86_64-unknown-linux-gnu/5.2.0/collect2] ==> ignore
    arg [-plugin] ==> ignore
    arg [/usr/lib/gcc/x86_64-unknown-linux-gnu/5.2.0/liblto_plugin.so] ==> ignore
    arg [-plugin-opt=/usr/lib/gcc/x86_64-unknown-linux-gnu/5.2.0/lto-wrapper] ==> ignore
    arg [-plugin-opt=-fresolution=/tmp/cco3comp.res] ==> ignore
    arg [-plugin-opt=-pass-through=-lgcc] ==> ignore
    arg [-plugin-opt=-pass-through=-lgcc_s] ==> ignore
    arg [-plugin-opt=-pass-through=-lc] ==> ignore
    arg [-plugin-opt=-pass-through=-lgcc] ==> ignore
    arg [-plugin-opt=-pass-through=-lgcc_s] ==> ignore
    arg [--build-id] ==> ignore
    arg [--eh-frame-hdr] ==> ignore
    arg [--hash-style=gnu] ==> ignore
    arg [-m] ==> ignore
    arg [elf_x86_64] ==> ignore
    arg [-export-dynamic] ==> ignore
    arg [-dynamic-linker] ==> ignore
    arg [/lib64/ld-linux-x86-64.so.2] ==> ignore
    arg [-pie] ==> ignore
    arg [-o] ==> ignore
    arg [cmTC_c7de8] ==> ignore
    arg [/usr/lib/gcc/x86_64-unknown-linux-gnu/5.2.0/../../../../lib/Scrt1.o] ==> ignore
    arg [/usr/lib/gcc/x86_64-unknown-linux-gnu/5.2.0/../../../../lib/crti.o] ==> ignore
    arg [/usr/lib/gcc/x86_64-unknown-linux-gnu/5.2.0/crtbeginS.o] ==> ignore
    arg [-L/usr/lib/hardening-wrapper/bin] ==> dir [/usr/lib/hardening-wrapper/bin]
    arg [-L/usr/lib/gcc/x86_64-unknown-linux-gnu/5.2.0] ==> dir [/usr/lib/gcc/x86_64-unknown-linux-gnu/5.2.0]
    arg [-L/usr/lib/gcc/x86_64-unknown-linux-gnu/5.2.0/../../../../lib] ==> dir [/usr/lib/gcc/x86_64-unknown-linux-gnu/5.2.0/../../../../lib]
    arg [-L/lib/../lib] ==> dir [/lib/../lib]
    arg [-L/usr/lib/../lib] ==> dir [/usr/lib/../lib]
    arg [-L/usr/lib/gcc/x86_64-unknown-linux-gnu/5.2.0/../../..] ==> dir [/usr/lib/gcc/x86_64-unknown-linux-gnu/5.2.0/../../..]
    arg [CMakeFiles/cmTC_c7de8.dir/CMakeCCompilerABI.c.o] ==> ignore
    arg [-lgcc] ==> lib [gcc]
    arg [--as-needed] ==> ignore
    arg [-lgcc_s] ==> lib [gcc_s]
    arg [--no-as-needed] ==> ignore
    arg [-lc] ==> lib [c]
    arg [-lgcc] ==> lib [gcc]
    arg [--as-needed] ==> ignore
    arg [-lgcc_s] ==> lib [gcc_s]
    arg [--no-as-needed] ==> ignore
    arg [/usr/lib/gcc/x86_64-unknown-linux-gnu/5.2.0/crtendS.o] ==> ignore
    arg [/usr/lib/gcc/x86_64-unknown-linux-gnu/5.2.0/../../../../lib/crtn.o] ==> ignore
  remove lib [gcc]
  remove lib [gcc_s]
  remove lib [gcc]
  remove lib [gcc_s]
  collapse library dir [/usr/lib/hardening-wrapper/bin] ==> [/usr/lib/hardening-wrapper/bin]
  collapse library dir [/usr/lib/gcc/x86_64-unknown-linux-gnu/5.2.0] ==> [/usr/lib/gcc/x86_64-unknown-linux-gnu/5.2.0]
  collapse library dir [/usr/lib/gcc/x86_64-unknown-linux-gnu/5.2.0/../../../../lib] ==> [/usr/lib]
  collapse library dir [/lib/../lib] ==> [/lib]
  collapse library dir [/usr/lib/../lib] ==> [/usr/lib]
  collapse library dir [/usr/lib/gcc/x86_64-unknown-linux-gnu/5.2.0/../../..] ==> [/usr/lib]
  implicit libs: [c]
  implicit dirs: [/usr/lib/hardening-wrapper/bin;/usr/lib/gcc/x86_64-unknown-linux-gnu/5.2.0;/usr/lib;/lib]
  implicit fwks: []




Detecting C [-std=c11] compiler features compiled with the following output:
Change Dir: /home/justin/game/CMakeFiles/CMakeTmp

Run Build Command:"/usr/bin/make" "cmTC_43309/fast"
/usr/bin/make -f CMakeFiles/cmTC_43309.dir/build.make CMakeFiles/cmTC_43309.dir/build
make[1]: Entering directory '/home/justin/game/CMakeFiles/CMakeTmp'
Building C object CMakeFiles/cmTC_43309.dir/feature_tests.c.o
/usr/lib/hardening-wrapper/bin/cc   -std=c11 -o CMakeFiles/cmTC_43309.dir/feature_tests.c.o   -c /home/justin/game/CMakeFiles/feature_tests.c
Linking C executable cmTC_43309
/usr/bin/cmake -E cmake_link_script CMakeFiles/cmTC_43309.dir/link.txt --verbose=1
/usr/lib/hardening-wrapper/bin/cc       CMakeFiles/cmTC_43309.dir/feature_tests.c.o  -o cmTC_43309 -rdynamic 
make[1]: Leaving directory '/home/justin/game/CMakeFiles/CMakeTmp'


    Feature record: C_FEATURE:1c_function_prototypes
    Feature record: C_FEATURE:1c_restrict
    Feature record: C_FEATURE:1c_static_assert
    Feature record: C_FEATURE:1c_variadic_macros


Detecting C [-std=c99] compiler features compiled with the following output:
Change Dir: /home/justin/game/CMakeFiles/CMakeTmp

Run Build Command:"/usr/bin/make" "cmTC_2c493/fast"
/usr/bin/make -f CMakeFiles/cmTC_2c493.dir/build.make CMakeFiles/cmTC_2c493.dir/build
make[1]: Entering directory '/home/justin/game/CMakeFiles/CMakeTmp'
Building C object CMakeFiles/cmTC_2c493.dir/feature_tests.c.o
/usr/lib/hardening-wrapper/bin/cc   -std=c99 -o CMakeFiles/cmTC_2c493.dir/feature_tests.c.o   -c /home/justin/game/CMakeFiles/feature_tests.c
Linking C executable cmTC_2c493
/usr/bin/cmake -E cmake_link_script CMakeFiles/cmTC_2c493.dir/link.txt --verbose=1
/usr/lib/hardening-wrapper/bin/cc       CMakeFiles/cmTC_2c493.dir/feature_tests.c.o  -o cmTC_2c493 -rdynamic 
make[1]: Leaving directory '/home/justin/game/CMakeFiles/CMakeTmp'


    Feature record: C_FEATURE:1c_function_prototypes
    Feature record: C_FEATURE:1c_restrict
    Feature record: C_FEATURE:0c_static_assert
    Feature record: C_FEATURE:1c_variadic_macros


Detecting C [-std=c90] compiler features compiled with the following output:
Change Dir: /home/justin/game/CMakeFiles/CMakeTmp

Run Build Command:"/usr/bin/make" "cmTC_6400e/fast"
/usr/bin/make -f CMakeFiles/cmTC_6400e.dir/build.make CMakeFiles/cmTC_6400e.dir/build
make[1]: Entering directory '/home/justin/game/CMakeFiles/CMakeTmp'
Building C object CMakeFiles/cmTC_6400e.dir/feature_tests.c.o
/usr/lib/hardening-wrapper/bin/cc   -std=c90 -o CMakeFiles/cmTC_6400e.dir/feature_tests.c.o   -c /home/justin/game/CMakeFiles/feature_tests.c
Linking C executable cmTC_6400e
/usr/bin/cmake -E cmake_link_script CMakeFiles/cmTC_6400e.dir/link.txt --verbose=1
/usr/lib/hardening-wrapper/bin/cc       CMakeFiles/cmTC_6400e.dir/feature_tests.c.o  -o cmTC_6400e -rdynamic 
make[1]: Leaving directory '/home/justin/game/CMakeFiles/CMakeTmp'


    Feature record: C_FEATURE:1c_function_prototypes
    Feature record: C_FEATURE:0c_restrict
    Feature record: C_FEATURE:0c_static_assert
    Feature record: C_FEATURE:0c_variadic_macros
Determining if the CXX compiler works passed with the following output:
Change Dir: /home/justin/game/CMakeFiles/CMakeTmp

Run Build Command:"/usr/bin/make" "cmTC_40b8e/fast"
/usr/bin/make -f CMakeFiles/cmTC_40b8e.dir/build.make CMakeFiles/cmTC_40b8e.dir/build
make[1]: Entering directory '/home/justin/game/CMakeFiles/CMakeTmp'
Building CXX object CMakeFiles/cmTC_40b8e.dir/testCXXCompiler.cxx.o
/usr/lib/hardening-wrapper/bin/c++     -o CMakeFiles/cmTC_40b8e.dir/testCXXCompiler.cxx.o -c /home/justin/game/CMakeFiles/CMakeTmp/testCXXCompiler.cxx
Linking CXX executable cmTC_40b8e
/usr/bin/cmake -E cmake_link_script CMakeFiles/cmTC_40b8e.dir/link.txt --verbose=1
/usr/lib/hardening-wrapper/bin/c++        CMakeFiles/cmTC_40b8e.dir/testCXXCompiler.cxx.o  -o cmTC_40b8e -rdynamic 
make[1]: Leaving directory '/home/justin/game/CMakeFiles/CMakeTmp'


Detecting CXX compiler ABI info compiled with the following output:
Change Dir: /home/justin/game/CMakeFiles/CMakeTmp

Run Build Command:"/usr/bin/make" "cmTC_5452f/fast"
/usr/bin/make -f CMakeFiles/cmTC_5452f.dir/build.make CMakeFiles/cmTC_5452f.dir/build
make[1]: Entering directory '/home/justin/game/CMakeFiles/CMakeTmp'
Building CXX object CMakeFiles/cmTC_5452f.dir/CMakeCXXCompilerABI.cpp.o
/usr/lib/hardening-wrapper/bin/c++     -o CMakeFiles/cmTC_5452f.dir/CMakeCXXCompilerABI.cpp.o -c /usr/share/cmake-3.3/Modules/CMakeCXXCompilerABI.cpp
Linking CXX executable cmTC_5452f
/usr/bin/cmake -E cmake_link_script CMakeFiles/cmTC_5452f.dir/link.txt --verbose=1
/usr/lib/hardening-wrapper/bin/c++       -v CMakeFiles/cmTC_5452f.dir/CMakeCXXCompilerABI.cpp.o  -o cmTC_5452f -rdynamic  
Using built-in specs.
COLLECT_GCC=/usr/bin/c++
COLLECT_LTO_WRAPPER=/usr/lib/gcc/x86_64-unknown-linux-gnu/5.2.0/lto-wrapper
Target: x86_64-unknown-linux-gnu
Configured with: /build/gcc/src/gcc-5.2.0/configure --prefix=/usr --libdir=/usr/lib --libexecdir=/usr/lib --mandir=/usr/share/man --infodir=/usr/share/info --with-bugurl=https://bugs.archlinux.org/ --enable-languages=c,c++,ada,fortran,go,lto,objc,obj-c++ --enable-shared --enable-threads=posix --enable-libmpx --with-system-zlib --with-isl --enable-__cxa_atexit --disable-libunwind-exceptions --enable-clocale=gnu --disable-libstdcxx-pch --disable-libssp --enable-gnu-unique-object --enable-linker-build-id --enable-lto --enable-plugin --enable-install-libiberty --with-linker-hash-style=gnu --enable-gnu-indirect-function --disable-multilib --disable-werror --enable-checking=release --with-default-libstdcxx-abi=gcc4-compatible
Thread model: posix
gcc version 5.2.0 (GCC) 
COMPILER_PATH=/usr/lib/hardening-wrapper/bin/:/usr/lib/gcc/x86_64-unknown-linux-gnu/5.2.0/:/usr/lib/gcc/x86_64-unknown-linux-gnu/5.2.0/:/usr/lib/gcc/x86_64-unknown-linux-gnu/:/usr/lib/gcc/x86_64-unknown-linux-gnu/5.2.0/:/usr/lib/gcc/x86_64-unknown-linux-gnu/
LIBRARY_PATH=/usr/lib/hardening-wrapper/bin/:/usr/lib/gcc/x86_64-unknown-linux-gnu/5.2.0/:/usr/lib/gcc/x86_64-unknown-linux-gnu/5.2.0/../../../../lib/:/lib/../lib/:/usr/lib/../lib/:/usr/lib/gcc/x86_64-unknown-linux-gnu/5.2.0/../../../:/lib/:/usr/lib/
COLLECT_GCC_OPTIONS='-B' '/usr/lib/hardening-wrapper/bin' '-fPIE' '-pie' '-fstack-check=specific' '-fstack-protector-strong' '-v' '-o' 'cmTC_5452f' '-rdynamic' '-shared-libgcc' '-mtune=generic' '-march=x86-64'
 /usr/lib/gcc/x86_64-unknown-linux-gnu/5.2.0/collect2 -plugin /usr/lib/gcc/x86_64-unknown-linux-gnu/5.2.0/liblto_plugin.so -plugin-opt=/usr/lib/gcc/x86_64-unknown-linux-gnu/5.2.0/lto-wrapper -plugin-opt=-fresolution=/tmp/ccY2VuZR.res -plugin-opt=-pass-through=-lgcc_s -plugin-opt=-pass-through=-lgcc -plugin-opt=-pass-through=-lc -plugin-opt=-pass-through=-lgcc_s -plugin-opt=-pass-through=-lgcc --build-id --eh-frame-hdr --hash-style=gnu -m elf_x86_64 -export-dynamic -dynamic-linker /lib64/ld-linux-x86-64.so.2 -pie -o cmTC_5452f /usr/lib/gcc/x86_64-unknown-linux-gnu/5.2.0/../../../../lib/Scrt1.o /usr/lib/gcc/x86_64-unknown-linux-gnu/5.2.0/../../../../lib/crti.o /usr/lib/gcc/x86_64-unknown-linux-gnu/5.2.0/crtbeginS.o -L/usr/lib/hardening-wrapper/bin -L/usr/lib/gcc/x86_64-unknown-linux-gnu/5.2.0 -L/usr/lib/gcc/x86_64-unknown-linux-gnu/5.2.0/../../../../lib -L/lib/../lib -L/usr/lib/../lib -L/usr/lib/gcc/x86_64-unknown-linux-gnu/5.2.0/../../.. CMakeFiles/cmTC_5452f.dir/CMakeCXXCompilerABI.cpp.o -lstdc++ -lm -lgcc_s -lgcc -lc -lgcc_s -lgcc /usr/lib/gcc/x86_64-unknown-linux-gnu/5.2.0/crtendS.o /usr/lib/gcc/x86_64-unknown-linux-gnu/5.2.0/../../../../lib/crtn.o
make[1]: Leaving directory '/home/justin/game/CMakeFiles/CMakeTmp'


Parsed CXX implicit link information from above output:
  link line regex: [^( *|.*[/\])(ld|([^/\]+-)?ld|collect2)[^/\]*( |$)]
  ignore line: [Change Dir: /home/justin/game/CMakeFiles/CMakeTmp]
  ignore line: []
  ignore line: [Run Build Command:"/usr/bin/make" "cmTC_5452f/fast"]
  ignore line: [/usr/bin/make -f CMakeFiles/cmTC_5452f.dir/build.make CMakeFiles/cmTC_5452f.dir/build]
  ignore line: [make[1]: Entering directory '/home/justin/game/CMakeFiles/CMakeTmp']
  ignore line: [Building CXX object CMakeFiles/cmTC_5452f.dir/CMakeCXXCompilerABI.cpp.o]
  ignore line: [/usr/lib/hardening-wrapper/bin/c++     -o CMakeFiles/cmTC_5452f.dir/CMakeCXXCompilerABI.cpp.o -c /usr/share/cmake-3.3/Modules/CMakeCXXCompilerABI.cpp]
  ignore line: [Linking CXX executable cmTC_5452f]
  ignore line: [/usr/bin/cmake -E cmake_link_script CMakeFiles/cmTC_5452f.dir/link.txt --verbose=1]
  ignore line: [/usr/lib/hardening-wrapper/bin/c++       -v CMakeFiles/cmTC_5452f.dir/CMakeCXXCompilerABI.cpp.o  -o cmTC_5452f -rdynamic  ]
  ignore line: [Using built-in specs.]
  ignore line: [COLLECT_GCC=/usr/bin/c++]
  ignore line: [COLLECT_LTO_WRAPPER=/usr/lib/gcc/x86_64-unknown-linux-gnu/5.2.0/lto-wrapper]
  ignore line: [Target: x86_64-unknown-linux-gnu]
  ignore line: [Configured with: /build/gcc/src/gcc-5.2.0/configure --prefix=/usr --libdir=/usr/lib --libexecdir=/usr/lib --mandir=/usr/share/man --infodir=/usr/share/info --with-bugurl=https://bugs.archlinux.org/ --enable-languages=c,c++,ada,fortran,go,lto,objc,obj-c++ --enable-shared --enable-threads=posix --enable-libmpx --with-system-zlib --with-isl --enable-__cxa_atexit --disable-libunwind-exceptions --enable-clocale=gnu --disable-libstdcxx-pch --disable-libssp --enable-gnu-unique-object --enable-linker-build-id --enable-lto --enable-plugin --enable-install-libiberty --with-linker-hash-style=gnu --enable-gnu-indirect-function --disable-multilib --disable-werror --enable-checking=release --with-default-libstdcxx-abi=gcc4-compatible]
  ignore line: [Thread model: posix]
  ignore line: [gcc version 5.2.0 (GCC) ]
  ignore line: [COMPILER_PATH=/usr/lib/hardening-wrapper/bin/:/usr/lib/gcc/x86_64-unknown-linux-gnu/5.2.0/:/usr/lib/gcc/x86_64-unknown-linux-gnu/5.2.0/:/usr/lib/gcc/x86_64-unknown-linux-gnu/:/usr/lib/gcc/x86_64-unknown-linux-gnu/5.2.0/:/usr/lib/gcc/x86_64-unknown-linux-gnu/]
  ignore line: [LIBRARY_PATH=/usr/lib/hardening-wrapper/bin/:/usr/lib/gcc/x86_64-unknown-linux-gnu/5.2.0/:/usr/lib/gcc/x86_64-unknown-linux-gnu/5.2.0/../../../../lib/:/lib/../lib/:/usr/lib/../lib/:/usr/lib/gcc/x86_64-unknown-linux-gnu/5.2.0/../../../:/lib/:/usr/lib/]
  ignore line: [COLLECT_GCC_OPTIONS='-B' '/usr/lib/hardening-wrapper/bin' '-fPIE' '-pie' '-fstack-check=specific' '-fstack-protector-strong' '-v' '-o' 'cmTC_5452f' '-rdynamic' '-shared-libgcc' '-mtune=generic' '-march=x86-64']
  link line: [ /usr/lib/gcc/x86_64-unknown-linux-gnu/5.2.0/collect2 -plugin /usr/lib/gcc/x86_64-unknown-linux-gnu/5.2.0/liblto_plugin.so -plugin-opt=/usr/lib/gcc/x86_64-unknown-linux-gnu/5.2.0/lto-wrapper -plugin-opt=-fresolution=/tmp/ccY2VuZR.res -plugin-opt=-pass-through=-lgcc_s -plugin-opt=-pass-through=-lgcc -plugin-opt=-pass-through=-lc -plugin-opt=-pass-through=-lgcc_s -plugin-opt=-pass-through=-lgcc --build-id --eh-frame-hdr --hash-style=gnu -m elf_x86_64 -export-dynamic -dynamic-linker /lib64/ld-linux-x86-64.so.2 -pie -o cmTC_5452f /usr/lib/gcc/x86_64-unknown-linux-gnu/5.2.0/../../../../lib/Scrt1.o /usr/lib/gcc/x86_64-unknown-linux-gnu/5.2.0/../../../../lib/crti.o /usr/lib/gcc/x86_64-unknown-linux-gnu/5.2.0/crtbeginS.o -L/usr/lib/hardening-wrapper/bin -L/usr/lib/gcc/x86_64-unknown-linux-gnu/5.2.0 -L/usr/lib/gcc/x86_64-unknown-linux-gnu/5.2.0/../../../../lib -L/lib/../lib -L/usr/lib/../lib -L/usr/lib/gcc/x86_64-unknown-linux-gnu/5.2.0/../../.. CMakeFiles/cmTC_5452f.dir/CMakeCXXCompilerABI.cpp.o -lstdc++ -lm -lgcc_s -lgcc -lc -lgcc_s -lgcc /usr/lib/gcc/x86_64-unknown-linux-gnu/5.2.0/crtendS.o /usr/lib/gcc/x86_64-unknown-linux-gnu/5.2.0/../../../../lib/crtn.o]
    arg [/usr/lib/gcc/x86_64-unknown-linux-gnu/5.2.0/collect2] ==> ignore
    arg [-plugin] ==> ignore
    arg [/usr/lib/gcc/x86_64-unknown-linux-gnu/5.2.0/liblto_plugin.so] ==> ignore
    arg [-plugin-opt=/usr/lib/gcc/x86_64-unknown-linux-gnu/5.2.0/lto-wrapper] ==> ignore
    arg [-plugin-opt=-fresolution=/tmp/ccY2VuZR.res] ==> ignore
    arg [-plugin-opt=-pass-through=-lgcc_s] ==> ignore
    arg [-plugin-opt=-pass-through=-lgcc] ==> ignore
    arg [-plugin-opt=-pass-through=-lc] ==> ignore
    arg [-plugin-opt=-pass-through=-lgcc_s] ==> ignore
    arg [-plugin-opt=-pass-through=-lgcc] ==> ignore
    arg [--build-id] ==> ignore
    arg [--eh-frame-hdr] ==> ignore
    arg [--hash-style=gnu] ==> ignore
    arg [-m] ==> ignore
    arg [elf_x86_64] ==> ignore
    arg [-export-dynamic] ==> ignore
    arg [-dynamic-linker] ==> ignore
    arg [/lib64/ld-linux-x86-64.so.2] ==> ignore
    arg [-pie] ==> ignore
    arg [-o] ==> ignore
    arg [cmTC_5452f] ==> ignore
    arg [/usr/lib/gcc/x86_64-unknown-linux-gnu/5.2.0/../../../../lib/Scrt1.o] ==> ignore
    arg [/usr/lib/gcc/x86_64-unknown-linux-gnu/5.2.0/../../../../lib/crti.o] ==> ignore
    arg [/usr/lib/gcc/x86_64-unknown-linux-gnu/5.2.0/crtbeginS.o] ==> ignore
    arg [-L/usr/lib/hardening-wrapper/bin] ==> dir [/usr/lib/hardening-wrapper/bin]
    arg [-L/usr/lib/gcc/x86_64-unknown-linux-gnu/5.2.0] ==> dir [/usr/lib/gcc/x86_64-unknown-linux-gnu/5.2.0]
    arg [-L/usr/lib/gcc/x86_64-unknown-linux-gnu/5.2.0/../../../../lib] ==> dir [/usr/lib/gcc/x86_64-unknown-linux-gnu/5.2.0/../../../../lib]
    arg [-L/lib/../lib] ==> dir [/lib/../lib]
    arg [-L/usr/lib/../lib] ==> dir [/usr/lib/../lib]
    arg [-L/usr/lib/gcc/x86_64-unknown-linux-gnu/5.2.0/../../..] ==> dir [/usr/lib/gcc/x86_64-unknown-linux-gnu/5.2.0/../../..]
    arg [CMakeFiles/cmTC_5452f.dir/CMakeCXXCompilerABI.cpp.o] ==> ignore
    arg [-lstdc++] ==> lib [stdc++]
    arg [-lm] ==> lib [m]
    arg [-lgcc_s] ==> lib [gcc_s]
    arg [-lgcc] ==> lib [gcc]
    arg [-lc] ==> lib [c]
    arg [-lgcc_s] ==> lib [gcc_s]
    arg [-lgcc] ==> lib [gcc]
    arg [/usr/lib/gcc/x86_64-unknown-linux-gnu/5.2.0/crtendS.o] ==> ignore
    arg [/usr/lib/gcc/x86_64-unknown-linux-gnu/5.2.0/../../../../lib/crtn.o] ==> ignore
  remove lib [gcc_s]
  remove lib [gcc]
  remove lib [gcc_s]
  remove lib [gcc]
  collapse library dir [/usr/lib/hardening-wrapper/bin] ==> [/usr/lib/hardening-wrapper/bin]
  collapse library dir [/usr/lib/gcc/x86_64-unknown-linux-gnu/5.2.0] ==> [/usr/lib/gcc/x86_64-unknown-linux-gnu/5.2.0]
  collapse library dir [/usr/lib/gcc/x86_64-unknown-linux-gnu/5.2.0/../../../../lib] ==> [/usr/lib]
  collapse library dir [/lib/../lib] ==> [/lib]
  collapse library dir [/usr/lib/../lib] ==> [/usr/lib]
  collapse library dir [/usr/lib/gcc/x86_64-unknown-linux-gnu/5.2.0/../../..] ==> [/usr/lib]
  implicit libs: [stdc++;m;c]
  implicit dirs: [/usr/lib/hardening-wrapper/bin;/usr/lib/gcc/x86_64-unknown-linux-gnu/5.2.0;/usr/lib;/lib]
  implicit fwks: []




Detecting CXX [-std=c++14] compiler features compiled with the following output:
Change Dir: /home/justin/game/CMakeFiles/CMakeTmp

Run Build Command:"/usr/bin/make" "cmTC_2c8a1/fast"
/usr/bin/make -f CMakeFiles/cmTC_2c8a1.dir/build.make CMakeFiles/cmTC_2c8a1.dir/build
make[1]: Entering directory '/home/justin/game/CMakeFiles/CMakeTmp'
Building CXX object CMakeFiles/cmTC_2c8a1.dir/feature_tests.cxx.o
/usr/lib/hardening-wrapper/bin/c++    -std=c++14 -o CMakeFiles/cmTC_2c8a1.dir/feature_tests.cxx.o -c /home/justin/game/CMakeFiles/feature_tests.cxx
Linking CXX executable cmTC_2c8a1
/usr/bin/cmake -E cmake_link_script CMakeFiles/cmTC_2c8a1.dir/link.txt --verbose=1
/usr/lib/hardening-wrapper/bin/c++        CMakeFiles/cmTC_2c8a1.dir/feature_tests.cxx.o  -o cmTC_2c8a1 -rdynamic 
make[1]: Leaving directory '/home/justin/game/CMakeFiles/CMakeTmp'


    Feature record: CXX_FEATURE:1cxx_aggregate_default_initializers
    Feature record: CXX_FEATURE:1cxx_alias_templates
    Feature record: CXX_FEATURE:1cxx_alignas
    Feature record: CXX_FEATURE:1cxx_alignof
    Feature record: CXX_FEATURE:1cxx_attributes
    Feature record: CXX_FEATURE:1cxx_attribute_deprecated
    Feature record: CXX_FEATURE:1cxx_auto_type
    Feature record: CXX_FEATURE:1cxx_binary_literals
    Feature record: CXX_FEATURE:1cxx_constexpr
    Feature record: CXX_FEATURE:1cxx_contextual_conversions
    Feature record: CXX_FEATURE:1cxx_decltype
    Feature record: CXX_FEATURE:1cxx_decltype_auto
    Feature record: CXX_FEATURE:1cxx_decltype_incomplete_return_types
    Feature record: CXX_FEATURE:1cxx_default_function_template_args
    Feature record: CXX_FEATURE:1cxx_defaulted_functions
    Feature record: CXX_FEATURE:1cxx_defaulted_move_initializers
    Feature record: CXX_FEATURE:1cxx_delegating_constructors
    Feature record: CXX_FEATURE:1cxx_deleted_functions
    Feature record: CXX_FEATURE:1cxx_digit_separators
    Feature record: CXX_FEATURE:1cxx_enum_forward_declarations
    Feature record: CXX_FEATURE:1cxx_explicit_conversions
    Feature record: CXX_FEATURE:1cxx_extended_friend_declarations
    Feature record: CXX_FEATURE:1cxx_extern_templates
    Feature record: CXX_FEATURE:1cxx_final
    Feature record: CXX_FEATURE:1cxx_func_identifier
    Feature record: CXX_FEATURE:1cxx_generalized_initializers
    Feature record: CXX_FEATURE:1cxx_generic_lambdas
    Feature record: CXX_FEATURE:1cxx_inheriting_constructors
    Feature record: CXX_FEATURE:1cxx_inline_namespaces
    Feature record: CXX_FEATURE:1cxx_lambdas
    Feature record: CXX_FEATURE:1cxx_lambda_init_captures
    Feature record: CXX_FEATURE:1cxx_local_type_template_args
    Feature record: CXX_FEATURE:1cxx_long_long_type
    Feature record: CXX_FEATURE:1cxx_noexcept
    Feature record: CXX_FEATURE:1cxx_nonstatic_member_init
    Feature record: CXX_FEATURE:1cxx_nullptr
    Feature record: CXX_FEATURE:1cxx_override
    Feature record: CXX_FEATURE:1cxx_range_for
    Feature record: CXX_FEATURE:1cxx_raw_string_literals
    Feature record: CXX_FEATURE:1cxx_reference_qualified_functions
    Feature record: CXX_FEATURE:1cxx_relaxed_constexpr
    Feature record: CXX_FEATURE:1cxx_return_type_deduction
    Feature record: CXX_FEATURE:1cxx_right_angle_brackets
    Feature record: CXX_FEATURE:1cxx_rvalue_references
    Feature record: CXX_FEATURE:1cxx_sizeof_member
    Feature record: CXX_FEATURE:1cxx_static_assert
    Feature record: CXX_FEATURE:1cxx_strong_enums
    Feature record: CXX_FEATURE:1cxx_template_template_parameters
    Feature record: CXX_FEATURE:1cxx_thread_local
    Feature record: CXX_FEATURE:1cxx_trailing_return_types
    Feature record: CXX_FEATURE:1cxx_unicode_literals
    Feature record: CXX_FEATURE:1cxx_uniform_initialization
    Feature record: CXX_FEATURE:1cxx_unrestricted_unions
    Feature record: CXX_FEATURE:1cxx_user_literals
    Feature record: CXX_FEATURE:1cxx_variable_templates
    Feature record: CXX_FEATURE:1cxx_variadic_macros
    Feature record: CXX_FEATURE:1cxx_variadic_templates


Detecting CXX [-std=c++11] compiler features compiled with the following output:
Change Dir: /home/justin/game/CMakeFiles/CMakeTmp

Run Build Command:"/usr/bin/make" "cmTC_7347b/fast"
/usr/bin/make -f CMakeFiles/cmTC_7347b.dir/build.make CMakeFiles/cmTC_7347b.dir/build
make[1]: Entering directory '/home/justin/game/CMakeFiles/CMakeTmp'
Building CXX object CMakeFiles/cmTC_7347b.dir/feature_tests.cxx.o
/usr/lib/hardening-wrapper/bin/c++    -std=c++11 -o CMakeFiles/cmTC_7347b.dir/feature_tests.cxx.o -c /home/justin/game/CMakeFiles/feature_tests.cxx
Linking CXX executable cmTC_7347b
/usr/bin/cmake -E cmake_link_script CMakeFiles/cmTC_7347b.dir/link.txt --verbose=1
/usr/lib/hardening-wrapper/bin/c++        CMakeFiles/cmTC_7347b.dir/feature_tests.cxx.o  -o cmTC_7347b -rdynamic 
make[1]: Leaving directory '/home/justin/game/CMakeFiles/CMakeTmp'


    Feature record: CXX_FEATURE:0cxx_aggregate_default_initializers
    Feature record: CXX_FEATURE:1cxx_alias_templates
    Feature record: CXX_FEATURE:1cxx_alignas
    Feature record: CXX_FEATURE:1cxx_alignof
    Feature record: CXX_FEATURE:1cxx_attributes
    Feature record: CXX_FEATURE:0cxx_attribute_deprecated
    Feature record: CXX_FEATURE:1cxx_auto_type
    Feature record: CXX_FEATURE:0cxx_binary_literals
    Feature record: CXX_FEATURE:1cxx_constexpr
    Feature record: CXX_FEATURE:0cxx_contextual_conversions
    Feature record: CXX_FEATURE:1cxx_decltype
    Feature record: CXX_FEATURE:0cxx_decltype_auto
    Feature record: CXX_FEATURE:1cxx_decltype_incomplete_return_types
    Feature record: CXX_FEATURE:1cxx_default_function_template_args
    Feature record: CXX_FEATURE:1cxx_defaulted_functions
    Feature record: CXX_FEATURE:1cxx_defaulted_move_initializers
    Feature record: CXX_FEATURE:1cxx_delegating_constructors
    Feature record: CXX_FEATURE:1cxx_deleted_functions
    Feature record: CXX_FEATURE:0cxx_digit_separators
    Feature record: CXX_FEATURE:1cxx_enum_forward_declarations
    Feature record: CXX_FEATURE:1cxx_explicit_conversions
    Feature record: CXX_FEATURE:1cxx_extended_friend_declarations
    Feature record: CXX_FEATURE:1cxx_extern_templates
    Feature record: CXX_FEATURE:1cxx_final
    Feature record: CXX_FEATURE:1cxx_func_identifier
    Feature record: CXX_FEATURE:1cxx_generalized_initializers
    Feature record: CXX_FEATURE:0cxx_generic_lambdas
    Feature record: CXX_FEATURE:1cxx_inheriting_constructors
    Feature record: CXX_FEATURE:1cxx_inline_namespaces
    Feature record: CXX_FEATURE:1cxx_lambdas
    Feature record: CXX_FEATURE:0cxx_lambda_init_captures
    Feature record: CXX_FEATURE:1cxx_local_type_template_args
    Feature record: CXX_FEATURE:1cxx_long_long_type
    Feature record: CXX_FEATURE:1cxx_noexcept
    Feature record: CXX_FEATURE:1cxx_nonstatic_member_init
    Feature record: CXX_FEATURE:1cxx_nullptr
    Feature record: CXX_FEATURE:1cxx_override
    Feature record: CXX_FEATURE:1cxx_range_for
    Feature record: CXX_FEATURE:1cxx_raw_string_literals
    Feature record: CXX_FEATURE:1cxx_reference_qualified_functions
    Feature record: CXX_FEATURE:0cxx_relaxed_constexpr
    Feature record: CXX_FEATURE:0cxx_return_type_deduction
    Feature record: CXX_FEATURE:1cxx_right_angle_brackets
    Feature record: CXX_FEATURE:1cxx_rvalue_references
    Feature record: CXX_FEATURE:1cxx_sizeof_member
    Feature record: CXX_FEATURE:1cxx_static_assert
    Feature record: CXX_FEATURE:1cxx_strong_enums
    Feature record: CXX_FEATURE:1cxx_template_template_parameters
    Feature record: CXX_FEATURE:1cxx_thread_local
    Feature record: CXX_FEATURE:1cxx_trailing_return_types
    Feature record: CXX_FEATURE:1cxx_unicode_literals
    Feature record: CXX_FEATURE:1cxx_uniform_initialization
    Feature record: CXX_FEATURE:1cxx_unrestricted_unions
    Feature record: CXX_FEATURE:1cxx_user_literals
    Feature record: CXX_FEATURE:0cxx_variable_templates
    Feature record: CXX_FEATURE:1cxx_variadic_macros
    Feature record: CXX_FEATURE:1cxx_variadic_templates


Detecting CXX [-std=c++98] compiler features compiled with the following output:
Change Dir: /home/justin/game/CMakeFiles/CMakeTmp

Run Build Command:"/usr/bin/make" "cmTC_6b1c0/fast"
/usr/bin/make -f CMakeFiles/cmTC_6b1c0.dir/build.make CMakeFiles/cmTC_6b1c0.dir/build
make[1]: Entering directory '/home/justin/game/CMakeFiles/CMakeTmp'
Building CXX object CMakeFiles/cmTC_6b1c0.dir/feature_tests.cxx.o
/usr/lib/hardening-wrapper/bin/c++    -std=c++98 -o CMakeFiles/cmTC_6b1c0.dir/feature_tests.cxx.o -c /home/justin/game/CMakeFiles/feature_tests.cxx
Linking CXX executable cmTC_6b1c0
/usr/bin/cmake -E cmake_link_script CMakeFiles/cmTC_6b1c0.dir/link.txt --verbose=1
/usr/lib/hardening-wrapper/bin/c++        CMakeFiles/cmTC_6b1c0.dir/feature_tests.cxx.o  -o cmTC_6b1c0 -rdynamic 
make[1]: Leaving directory '/home/justin/game/CMakeFiles/CMakeTmp'


    Feature record: CXX_FEATURE:0cxx_aggregate_default_initializers
    Feature record: CXX_FEATURE:0cxx_alias_templates
    Feature record: CXX_FEATURE:0cxx_alignas
    Feature record: CXX_FEATURE:0cxx_alignof
    Feature record: CXX_FEATURE:0cxx_attributes
    Feature record: CXX_FEATURE:0cxx_attribute_deprecated
    Feature record: CXX_FEATURE:0cxx_auto_type
    Feature record: CXX_FEATURE:0cxx_binary_literals
    Feature record: CXX_FEATURE:0cxx_constexpr
    Feature record: CXX_FEATURE:0cxx_contextual_conversions
    Feature record: CXX_FEATURE:0cxx_decltype
    Feature record: CXX_FEATURE:0cxx_decltype_auto
    Feature record: CXX_FEATURE:0cxx_decltype_incomplete_return_types
    Feature record: CXX_FEATURE:0cxx_default_function_template_args
    Feature record: CXX_FEATURE:0cxx_defaulted_functions
    Feature record: CXX_FEATURE:0cxx_defaulted_move_initializers
    Feature record: CXX_FEATURE:0cxx_delegating_constructors
    Feature record: CXX_FEATURE:0cxx_deleted_functions
    Feature record: CXX_FEATURE:0cxx_digit_separators
    Feature record: CXX_FEATURE:0cxx_enum_forward_declarations
    Feature record: CXX_FEATURE:0cxx_explicit_conversions
    Feature record: CXX_FEATURE:0cxx_extended_friend_declarations
    Feature record: CXX_FEATURE:0cxx_extern_templates
    Feature record: CXX_FEATURE:0cxx_final
    Feature record: CXX_FEATURE:0cxx_func_identifier
    Feature record: CXX_FEATURE:0cxx_generalized_initializers
    Feature record: CXX_FEATURE:0cxx_generic_lambdas
    Feature record: CXX_FEATURE:0cxx_inheriting_constructors
    Feature record: CXX_FEATURE:0cxx_inline_namespaces
    Feature record: CXX_FEATURE:0cxx_lambdas
    Feature record: CXX_FEATURE:0cxx_lambda_init_captures
    Feature record: CXX_FEATURE:0cxx_local_type_template_args
    Feature record: CXX_FEATURE:0cxx_long_long_type
    Feature record: CXX_FEATURE:0cxx_noexcept
    Feature record: CXX_FEATURE:0cxx_nonstatic_member_init
    Feature record: CXX_FEATURE:0cxx_nullptr
    Feature record: CXX_FEATURE:0cxx_override
    Feature record: CXX_FEATURE:0cxx_range_for
    Feature record: CXX_FEATURE:0cxx_raw_string_literals
    Feature record: CXX_FEATURE:0cxx_reference_qualified_functions
    Feature record: CXX_FEATURE:0cxx_relaxed_constexpr
    Feature record: CXX_FEATURE:0cxx_return_type_deduction
    Feature record: CXX_FEATURE:0cxx_right_angle_brackets
    Feature record: CXX_FEATURE:0cxx_rvalue_references
    Feature record: CXX_FEATURE:0cxx_sizeof_member
    Feature record: CXX_FEATURE:0cxx_static_assert
    Feature record: CXX_FEATURE:0cxx_strong_enums
    Feature record: CXX_FEATURE:1cxx_template_template_parameters
    Feature record: CXX_FEATURE:0cxx_thread_local
    Feature record: CXX_FEATURE:0cxx_trailing_return_types
    Feature record: CXX_FEATURE:0cxx_unicode_literals
    Feature record: CXX_FEATURE:0cxx_uniform_initialization
    Feature record: CXX_FEATURE:0cxx_unrestricted_unions
    Feature record: CXX_FEATURE:0cxx_user_literals
    Feature record: CXX_FEATURE:0cxx_variable_templates
    Feature record: CXX_FEATURE:0cxx_variadic_macros
    Feature record: CXX_FEATURE:0cxx_variadic_templates
Determining if files pthread.h exist passed with the following output:
Change Dir: /home/justin/game/CMakeFiles/CMakeTmp

Run Build Command:"/usr/bin/make" "cmTC_268d5/fast"
/usr/bin/make -f CMakeFiles/cmTC_268d5.dir/build.make CMakeFiles/cmTC_268d5.dir/build
make[1]: Entering directory '/home/justin/game/CMakeFiles/CMakeTmp'
Building C object CMakeFiles/cmTC_268d5.dir/CheckIncludeFiles.c.o
/usr/lib/hardening-wrapper/bin/cc    -o CMakeFiles/cmTC_268d5.dir/CheckIncludeFiles.c.o   -c /home/justin/game/CMakeFiles/CMakeTmp/CheckIncludeFiles.c
Linking C executable cmTC_268d5
/usr/bin/cmake -E cmake_link_script CMakeFiles/cmTC_268d5.dir/link.txt --verbose=1
/usr/lib/hardening-wrapper/bin/cc       CMakeFiles/cmTC_268d5.dir/CheckIncludeFiles.c.o  -o cmTC_268d5 -rdynamic 
make[1]: Leaving directory '/home/justin/game/CMakeFiles/CMakeTmp'


Determining if the function pthread_create exists in the pthread passed with the following output:
Change Dir: /home/justin/game/CMakeFiles/CMakeTmp

Run Build Command:"/usr/bin/make" "cmTC_e29c3/fast"
/usr/bin/make -f CMakeFiles/cmTC_e29c3.dir/build.make CMakeFiles/cmTC_e29c3.dir/build
make[1]: Entering directory '/home/justin/game/CMakeFiles/CMakeTmp'
Building C object CMakeFiles/cmTC_e29c3.dir/CheckFunctionExists.c.o
/usr/lib/hardening-wrapper/bin/cc   -DCHECK_FUNCTION_EXISTS=pthread_create   -o CMakeFiles/cmTC_e29c3.dir/CheckFunctionExists.c.o   -c /usr/share/cmake-3.3/Modules/CheckFunctionExists.c
Linking C executable cmTC_e29c3
/usr/bin/cmake -E cmake_link_script CMakeFiles/cmTC_e29c3.dir/link.txt --verbose=1
/usr/lib/hardening-wrapper/bin/cc   -DCHECK_FUNCTION_EXISTS=pthread_create    CMakeFiles/cmTC_e29c3.dir/CheckFunctionExists.c.o  -o cmTC_e29c3 -rdynamic -lpthread 
make[1]: Leaving directory '/home/justin/game/CMakeFiles/CMakeTmp'


The system is: Linux - 4.1.6-1-ARCH - x86_64
Compiling the C compiler identification source file "CMakeCCompilerId.c" succeeded.
Compiler: /usr/lib/hardening-wrapper/bin/cc 
Build flags: 
Id flags: 

The output was:
0


Compilation of the C compiler identification source "CMakeCCompilerId.c" produced "a.out"

The C compiler identification is GNU, found in "/home/justin/game/CMakeFiles/3.4.0/CompilerIdC/a.out"

Compiling the CXX compiler identification source file "CMakeCXXCompilerId.cpp" succeeded.
Compiler: /usr/lib/hardening-wrapper/bin/c++ 
Build flags: 
Id flags: 

The output was:
0


Compilation of the CXX compiler identification source "CMakeCXXCompilerId.cpp" produced "a.out"

The CXX compiler identification is GNU, found in "/home/justin/game/CMakeFiles/3.4.0/CompilerIdCXX/a.out"

Determining if the C compiler works passed with the following output:
Change Dir: /home/justin/game/CMakeFiles/CMakeTmp

Run Build Command:"/usr/bin/make" "cmTC_55f17/fast"
make[1]: Entering directory '/home/justin/game/CMakeFiles/CMakeTmp'
/usr/bin/make -f CMakeFiles/cmTC_55f17.dir/build.make CMakeFiles/cmTC_55f17.dir/build
make[2]: Entering directory '/home/justin/game/CMakeFiles/CMakeTmp'
Building C object CMakeFiles/cmTC_55f17.dir/testCCompiler.c.o
/usr/lib/hardening-wrapper/bin/cc     -o CMakeFiles/cmTC_55f17.dir/testCCompiler.c.o   -c /home/justin/game/CMakeFiles/CMakeTmp/testCCompiler.c
Linking C executable cmTC_55f17
/usr/bin/cmake -E cmake_link_script CMakeFiles/cmTC_55f17.dir/link.txt --verbose=1
/usr/lib/hardening-wrapper/bin/cc       CMakeFiles/cmTC_55f17.dir/testCCompiler.c.o  -o cmTC_55f17 -rdynamic 
make[2]: Leaving directory '/home/justin/game/CMakeFiles/CMakeTmp'
make[1]: Leaving directory '/home/justin/game/CMakeFiles/CMakeTmp'


Detecting C compiler ABI info compiled with the following output:
Change Dir: /home/justin/game/CMakeFiles/CMakeTmp

Run Build Command:"/usr/bin/make" "cmTC_84992/fast"
make[1]: Entering directory '/home/justin/game/CMakeFiles/CMakeTmp'
/usr/bin/make -f CMakeFiles/cmTC_84992.dir/build.make CMakeFiles/cmTC_84992.dir/build
make[2]: Entering directory '/home/justin/game/CMakeFiles/CMakeTmp'
Building C object CMakeFiles/cmTC_84992.dir/CMakeCCompilerABI.c.o
/usr/lib/hardening-wrapper/bin/cc     -o CMakeFiles/cmTC_84992.dir/CMakeCCompilerABI.c.o   -c /usr/share/cmake-3.4/Modules/CMakeCCompilerABI.c
Linking C executable cmTC_84992
/usr/bin/cmake -E cmake_link_script CMakeFiles/cmTC_84992.dir/link.txt --verbose=1
/usr/lib/hardening-wrapper/bin/cc      -v CMakeFiles/cmTC_84992.dir/CMakeCCompilerABI.c.o  -o cmTC_84992 -rdynamic  
Using built-in specs.
COLLECT_GCC=/usr/bin/cc
COLLECT_LTO_WRAPPER=/usr/lib/gcc/x86_64-unknown-linux-gnu/5.2.0/lto-wrapper
Target: x86_64-unknown-linux-gnu
Configured with: /build/gcc/src/gcc-5.2.0/configure --prefix=/usr --libdir=/usr/lib --libexecdir=/usr/lib --mandir=/usr/share/man --infodir=/usr/share/info --with-bugurl=https://bugs.archlinux.org/ --enable-languages=c,c++,ada,fortran,go,lto,objc,obj-c++ --enable-shared --enable-threads=posix --enable-libmpx --with-system-zlib --with-isl --enable-__cxa_atexit --disable-libunwind-exceptions --enable-clocale=gnu --disable-libstdcxx-pch --disable-libssp --enable-gnu-unique-object --enable-linker-build-id --enable-lto --enable-plugin --enable-install-libiberty --with-linker-hash-style=gnu --enable-gnu-indirect-function --disable-multilib --disable-werror --enable-checking=release --with-default-libstdcxx-abi=gcc4-compatible
Thread model: posix
gcc version 5.2.0 (GCC) 
COMPILER_PATH=/usr/lib/hardening-wrapper/bin/:/usr/lib/gcc/x86_64-unknown-linux-gnu/5.2.0/:/usr/lib/gcc/x86_64-unknown-linux-gnu/5.2.0/:/usr/lib/gcc/x86_64-unknown-linux-gnu/:/usr/lib/gcc/x86_64-unknown-linux-gnu/5.2.0/:/usr/lib/gcc/x86_64-unknown-linux-gnu/
LIBRARY_PATH=/usr/lib/hardening-wrapper/bin/:/usr/lib/gcc/x86_64-unknown-linux-gnu/5.2.0/:/usr/lib/gcc/x86_64-unknown-linux-gnu/5.2.0/../../../../lib/:/lib/../lib/:/usr/lib/../lib/:/usr/lib/gcc/x86_64-unknown-linux-gnu/5.2.0/../../../:/lib/:/usr/lib/
COLLECT_GCC_OPTIONS='-B' '/usr/lib/hardening-wrapper/bin' '-fPIE' '-pie' '-fstack-check=specific' '-fstack-protector-strong' '-v' '-o' 'cmTC_84992' '-rdynamic' '-mtune=generic' '-march=x86-64'
 /usr/lib/gcc/x86_64-unknown-linux-gnu/5.2.0/collect2 -plugin /usr/lib/gcc/x86_64-unknown-linux-gnu/5.2.0/liblto_plugin.so -plugin-opt=/usr/lib/gcc/x86_64-unknown-linux-gnu/5.2.0/lto-wrapper -plugin-opt=-fresolution=/tmp/cc5wtygi.res -plugin-opt=-pass-through=-lgcc -plugin-opt=-pass-through=-lgcc_s -plugin-opt=-pass-through=-lc -plugin-opt=-pass-through=-lgcc -plugin-opt=-pass-through=-lgcc_s --build-id --eh-frame-hdr --hash-style=gnu -m elf_x86_64 -export-dynamic -dynamic-linker /lib64/ld-linux-x86-64.so.2 -pie -o cmTC_84992 /usr/lib/gcc/x86_64-unknown-linux-gnu/5.2.0/../../../../lib/Scrt1.o /usr/lib/gcc/x86_64-unknown-linux-gnu/5.2.0/../../../../lib/crti.o /usr/lib/gcc/x86_64-unknown-linux-gnu/5.2.0/crtbeginS.o -L/usr/lib/hardening-wrapper/bin -L/usr/lib/gcc/x86_64-unknown-linux-gnu/5.2.0 -L/usr/lib/gcc/x86_64-unknown-linux-gnu/5.2.0/../../../../lib -L/lib/../lib -L/usr/lib/../lib -L/usr/lib/gcc/x86_64-unknown-linux-gnu/5.2.0/../../.. CMakeFiles/cmTC_84992.dir/CMakeCCompilerABI.c.o -lgcc --as-needed -lgcc_s --no-as-needed -lc -lgcc --as-needed -lgcc_s --no-as-needed /usr/lib/gcc/x86_64-unknown-linux-gnu/5.2.0/crtendS.o /usr/lib/gcc/x86_64-unknown-linux-gnu/5.2.0/../../../../lib/crtn.o
make[2]: Leaving directory '/home/justin/game/CMakeFiles/CMakeTmp'
make[1]: Leaving directory '/home/justin/game/CMakeFiles/CMakeTmp'


Parsed C implicit link information from above output:
  link line regex: [^( *|.*[/\])(ld|([^/\]+-)?ld|collect2)[^/\]*( |$)]
  ignore line: [Change Dir: /home/justin/game/CMakeFiles/CMakeTmp]
  ignore line: []
  ignore line: [Run Build Command:"/usr/bin/make" "cmTC_84992/fast"]
  ignore line: [make[1]: Entering directory '/home/justin/game/CMakeFiles/CMakeTmp']
  ignore line: [/usr/bin/make -f CMakeFiles/cmTC_84992.dir/build.make CMakeFiles/cmTC_84992.dir/build]
  ignore line: [make[2]: Entering directory '/home/justin/game/CMakeFiles/CMakeTmp']
  ignore line: [Building C object CMakeFiles/cmTC_84992.dir/CMakeCCompilerABI.c.o]
  ignore line: [/usr/lib/hardening-wrapper/bin/cc     -o CMakeFiles/cmTC_84992.dir/CMakeCCompilerABI.c.o   -c /usr/share/cmake-3.4/Modules/CMakeCCompilerABI.c]
  ignore line: [Linking C executable cmTC_84992]
  ignore line: [/usr/bin/cmake -E cmake_link_script CMakeFiles/cmTC_84992.dir/link.txt --verbose=1]
  ignore line: [/usr/lib/hardening-wrapper/bin/cc      -v CMakeFiles/cmTC_84992.dir/CMakeCCompilerABI.c.o  -o cmTC_84992 -rdynamic  ]
  ignore line: [Using built-in specs.]
  ignore line: [COLLECT_GCC=/usr/bin/cc]
  ignore line: [COLLECT_LTO_WRAPPER=/usr/lib/gcc/x86_64-unknown-linux-gnu/5.2.0/lto-wrapper]
  ignore line: [Target: x86_64-unknown-linux-gnu]
  ignore line: [Configured with: /build/gcc/src/gcc-5.2.0/configure --prefix=/usr --libdir=/usr/lib --libexecdir=/usr/lib --mandir=/usr/share/man --infodir=/usr/share/info --with-bugurl=https://bugs.archlinux.org/ --enable-languages=c,c++,ada,fortran,go,lto,objc,obj-c++ --enable-shared --enable-threads=posix --enable-libmpx --with-system-zlib --with-isl --enable-__cxa_atexit --disable-libunwind-exceptions --enable-clocale=gnu --disable-libstdcxx-pch --disable-libssp --enable-gnu-unique-object --enable-linker-build-id --enable-lto --enable-plugin --enable-install-libiberty --with-linker-hash-style=gnu --enable-gnu-indirect-function --disable-multilib --disable-werror --enable-checking=release --with-default-libstdcxx-abi=gcc4-compatible]
  ignore line: [Thread model: posix]
  ignore line: [gcc version 5.2.0 (GCC) ]
  ignore line: [COMPILER_PATH=/usr/lib/hardening-wrapper/bin/:/usr/lib/gcc/x86_64-unknown-linux-gnu/5.2.0/:/usr/lib/gcc/x86_64-unknown-linux-gnu/5.2.0/:/usr/lib/gcc/x86_64-unknown-linux-gnu/:/usr/lib/gcc/x86_64-unknown-linux-gnu/5.2.0/:/usr/lib/gcc/x86_64-unknown-linux-gnu/]
  ignore line: [LIBRARY_PATH=/usr/lib/hardening-wrapper/bin/:/usr/lib/gcc/x86_64-unknown-linux-gnu/5.2.0/:/usr/lib/gcc/x86_64-unknown-linux-gnu/5.2.0/../../../../lib/:/lib/../lib/:/usr/lib/../lib/:/usr/lib/gcc/x86_64-unknown-linux-gnu/5.2.0/../../../:/lib/:/usr/lib/]
  ignore line: [COLLECT_GCC_OPTIONS='-B' '/usr/lib/hardening-wrapper/bin' '-fPIE' '-pie' '-fstack-check=specific' '-fstack-protector-strong' '-v' '-o' 'cmTC_84992' '-rdynamic' '-mtune=generic' '-march=x86-64']
  link line: [ /usr/lib/gcc/x86_64-unknown-linux-gnu/5.2.0/collect2 -plugin /usr/lib/gcc/x86_64-unknown-linux-gnu/5.2.0/liblto_plugin.so -plugin-opt=/usr/lib/gcc/x86_64-unknown-linux-gnu/5.2.0/lto-wrapper -plugin-opt=-fresolution=/tmp/cc5wtygi.res -plugin-opt=-pass-through=-lgcc -plugin-opt=-pass-through=-lgcc_s -plugin-opt=-pass-through=-lc -plugin-opt=-pass-through=-lgcc -plugin-opt=-pass-through=-lgcc_s --build-id --eh-frame-hdr --hash-style=gnu -m elf_x86_64 -export-dynamic -dynamic-linker /lib64/ld-linux-x86-64.so.2 -pie -o cmTC_84992 /usr/lib/gcc/x86_64-unknown-linux-gnu/5.2.0/../../../../lib/Scrt1.o /usr/lib/gcc/x86_64-unknown-linux-gnu/5.2.0/../../../../lib/crti.o /usr/lib/gcc/x86_64-unknown-linux-gnu/5.2.0/crtbeginS.o -L/usr/lib/hardening-wrapper/bin -L/usr/lib/gcc/x86_64-unknown-linux-gnu/5.2.0 -L/usr/lib/gcc/x86_64-unknown-linux-gnu/5.2.0/../../../../lib -L/lib/../lib -L/usr/lib/../lib -L/usr/lib/gcc/x86_64-unknown-linux-gnu/5.2.0/../../.. CMakeFiles/cmTC_84992.dir/CMakeCCompilerABI.c.o -lgcc --as-needed -lgcc_s --no-as-needed -lc -lgcc --as-needed -lgcc_s --no-as-needed /usr/lib/gcc/x86_64-unknown-linux-gnu/5.2.0/crtendS.o /usr/lib/gcc/x86_64-unknown-linux-gnu/5.2.0/../../../../lib/crtn.o]
    arg [/usr/lib/gcc/x86_64-unknown-linux-gnu/5.2.0/collect2] ==> ignore
    arg [-plugin] ==> ignore
    arg [/usr/lib/gcc/x86_64-unknown-linux-gnu/5.2.0/liblto_plugin.so] ==> ignore
    arg [-plugin-opt=/usr/lib/gcc/x86_64-unknown-linux-gnu/5.2.0/lto-wrapper] ==> ignore
    arg [-plugin-opt=-fresolution=/tmp/cc5wtygi.res] ==> ignore
    arg [-plugin-opt=-pass-through=-lgcc] ==> ignore
    arg [-plugin-opt=-pass-through=-lgcc_s] ==> ignore
    arg [-plugin-opt=-pass-through=-lc] ==> ignore
    arg [-plugin-opt=-pass-through=-lgcc] ==> ignore
    arg [-plugin-opt=-pass-through=-lgcc_s] ==> ignore
    arg [--build-id] ==> ignore
    arg [--eh-frame-hdr] ==> ignore
    arg [--hash-style=gnu] ==> ignore
    arg [-m] ==> ignore
    arg [elf_x86_64] ==> ignore
    arg [-export-dynamic] ==> ignore
    arg [-dynamic-linker] ==> ignore
    arg [/lib64/ld-linux-x86-64.so.2] ==> ignore
    arg [-pie] ==> ignore
    arg [-o] ==> ignore
    arg [cmTC_84992] ==> ignore
    arg [/usr/lib/gcc/x86_64-unknown-linux-gnu/5.2.0/../../../../lib/Scrt1.o] ==> ignore
    arg [/usr/lib/gcc/x86_64-unknown-linux-gnu/5.2.0/../../../../lib/crti.o] ==> ignore
    arg [/usr/lib/gcc/x86_64-unknown-linux-gnu/5.2.0/crtbeginS.o] ==> ignore
    arg [-L/usr/lib/hardening-wrapper/bin] ==> dir [/usr/lib/hardening-wrapper/bin]
    arg [-L/usr/lib/gcc/x86_64-unknown-linux-gnu/5.2.0] ==> dir [/usr/lib/gcc/x86_64-unknown-linux-gnu/5.2.0]
    arg [-L/usr/lib/gcc/x86_64-unknown-linux-gnu/5.2.0/../../../../lib] ==> dir [/usr/lib/gcc/x86_64-unknown-linux-gnu/5.2.0/../../../../lib]
    arg [-L/lib/../lib] ==> dir [/lib/../lib]
    arg [-L/usr/lib/../lib] ==> dir [/usr/lib/../lib]
    arg [-L/usr/lib/gcc/x86_64-unknown-linux-gnu/5.2.0/../../..] ==> dir [/usr/lib/gcc/x86_64-unknown-linux-gnu/5.2.0/../../..]
    arg [CMakeFiles/cmTC_84992.dir/CMakeCCompilerABI.c.o] ==> ignore
    arg [-lgcc] ==> lib [gcc]
    arg [--as-needed] ==> ignore
    arg [-lgcc_s] ==> lib [gcc_s]
    arg [--no-as-needed] ==> ignore
    arg [-lc] ==> lib [c]
    arg [-lgcc] ==> lib [gcc]
    arg [--as-needed] ==> ignore
    arg [-lgcc_s] ==> lib [gcc_s]
    arg [--no-as-needed] ==> ignore
    arg [/usr/lib/gcc/x86_64-unknown-linux-gnu/5.2.0/crtendS.o] ==> ignore
    arg [/usr/lib/gcc/x86_64-unknown-linux-gnu/5.2.0/../../../../lib/crtn.o] ==> ignore
  remove lib [gcc]
  remove lib [gcc_s]
  remove lib [gcc]
  remove lib [gcc_s]
  collapse library dir [/usr/lib/hardening-wrapper/bin] ==> [/usr/lib/hardening-wrapper/bin]
  collapse library dir [/usr/lib/gcc/x86_64-unknown-linux-gnu/5.2.0] ==> [/usr/lib/gcc/x86_64-unknown-linux-gnu/5.2.0]
  collapse library dir [/usr/lib/gcc/x86_64-unknown-linux-gnu/5.2.0/../../../../lib] ==> [/usr/lib]
  collapse library dir [/lib/../lib] ==> [/lib]
  collapse library dir [/usr/lib/../lib] ==> [/usr/lib]
  collapse library dir [/usr/lib/gcc/x86_64-unknown-linux-gnu/5.2.0/../../..] ==> [/usr/lib]
  implicit libs: [c]
  implicit dirs: [/usr/lib/hardening-wrapper/bin;/usr/lib/gcc/x86_64-unknown-linux-gnu/5.2.0;/usr/lib;/lib]
  implicit fwks: []




Detecting C [-std=c11] compiler features compiled with the following output:
Change Dir: /home/justin/game/CMakeFiles/CMakeTmp

Run Build Command:"/usr/bin/make" "cmTC_1a770/fast"
make[1]: Entering directory '/home/justin/game/CMakeFiles/CMakeTmp'
/usr/bin/make -f CMakeFiles/cmTC_1a770.dir/build.make CMakeFiles/cmTC_1a770.dir/build
make[2]: Entering directory '/home/justin/game/CMakeFiles/CMakeTmp'
Building C object CMakeFiles/cmTC_1a770.dir/feature_tests.c.o
/usr/lib/hardening-wrapper/bin/cc    -std=c11 -o CMakeFiles/cmTC_1a770.dir/feature_tests.c.o   -c /home/justin/game/CMakeFiles/feature_tests.c
Linking C executable cmTC_1a770
/usr/bin/cmake -E cmake_link_script CMakeFiles/cmTC_1a770.dir/link.txt --verbose=1
/usr/lib/hardening-wrapper/bin/cc       CMakeFiles/cmTC_1a770.dir/feature_tests.c.o  -o cmTC_1a770 -rdynamic 
make[2]: Leaving directory '/home/justin/game/CMakeFiles/CMakeTmp'
make[1]: Leaving directory '/home/justin/game/CMakeFiles/CMakeTmp'


    Feature record: C_FEATURE:1c_function_prototypes
    Feature record: C_FEATURE:1c_restrict
    Feature record: C_FEATURE:1c_static_assert
    Feature record: C_FEATURE:1c_variadic_macros


Detecting C [-std=c99] compiler features compiled with the following output:
Change Dir: /home/justin/game/CMakeFiles/CMakeTmp

Run Build Command:"/usr/bin/make" "cmTC_fe01a/fast"
make[1]: Entering directory '/home/justin/game/CMakeFiles/CMakeTmp'
/usr/bin/make -f CMakeFiles/cmTC_fe01a.dir/build.make CMakeFiles/cmTC_fe01a.dir/build
make[2]: Entering directory '/home/justin/game/CMakeFiles/CMakeTmp'
Building C object CMakeFiles/cmTC_fe01a.dir/feature_tests.c.o
/usr/lib/hardening-wrapper/bin/cc    -std=c99 -o CMakeFiles/cmTC_fe01a.dir/feature_tests.c.o   -c /home/justin/game/CMakeFiles/feature_tests.c
Linking C executable cmTC_fe01a
/usr/bin/cmake -E cmake_link_script CMakeFiles/cmTC_fe01a.dir/link.txt --verbose=1
/usr/lib/hardening-wrapper/bin/cc       CMakeFiles/cmTC_fe01a.dir/feature_tests.c.o  -o cmTC_fe01a -rdynamic 
make[2]: Leaving directory '/home/justin/game/CMakeFiles/CMakeTmp'
make[1]: Leaving directory '/home/justin/game/CMakeFiles/CMakeTmp'


    Feature record: C_FEATURE:1c_function_prototypes
    Feature record: C_FEATURE:1c_restrict
    Feature record: C_FEATURE:0c_static_assert
    Feature record: C_FEATURE:1c_variadic_macros


Detecting C [-std=c90] compiler features compiled with the following output:
Change Dir: /home/justin/game/CMakeFiles/CMakeTmp

Run Build Command:"/usr/bin/make" "cmTC_e69b7/fast"
make[1]: Entering directory '/home/justin/game/CMakeFiles/CMakeTmp'
/usr/bin/make -f CMakeFiles/cmTC_e69b7.dir/build.make CMakeFiles/cmTC_e69b7.dir/build
make[2]: Entering directory '/home/justin/game/CMakeFiles/CMakeTmp'
Building C object CMakeFiles/cmTC_e69b7.dir/feature_tests.c.o
/usr/lib/hardening-wrapper/bin/cc    -std=c90 -o CMakeFiles/cmTC_e69b7.dir/feature_tests.c.o   -c /home/justin/game/CMakeFiles/feature_tests.c
Linking C executable cmTC_e69b7
/usr/bin/cmake -E cmake_link_script CMakeFiles/cmTC_e69b7.dir/link.txt --verbose=1
/usr/lib/hardening-wrapper/bin/cc       CMakeFiles/cmTC_e69b7.dir/feature_tests.c.o  -o cmTC_e69b7 -rdynamic 
make[2]: Leaving directory '/home/justin/game/CMakeFiles/CMakeTmp'
make[1]: Leaving directory '/home/justin/game/CMakeFiles/CMakeTmp'


    Feature record: C_FEATURE:1c_function_prototypes
    Feature record: C_FEATURE:0c_restrict
    Feature record: C_FEATURE:0c_static_assert
    Feature record: C_FEATURE:0c_variadic_macros
Determining if the CXX compiler works passed with the following output:
Change Dir: /home/justin/game/CMakeFiles/CMakeTmp

Run Build Command:"/usr/bin/make" "cmTC_735fb/fast"
make[1]: Entering directory '/home/justin/game/CMakeFiles/CMakeTmp'
/usr/bin/make -f CMakeFiles/cmTC_735fb.dir/build.make CMakeFiles/cmTC_735fb.dir/build
make[2]: Entering directory '/home/justin/game/CMakeFiles/CMakeTmp'
Building CXX object CMakeFiles/cmTC_735fb.dir/testCXXCompiler.cxx.o
/usr/lib/hardening-wrapper/bin/c++      -o CMakeFiles/cmTC_735fb.dir/testCXXCompiler.cxx.o -c /home/justin/game/CMakeFiles/CMakeTmp/testCXXCompiler.cxx
Linking CXX executable cmTC_735fb
/usr/bin/cmake -E cmake_link_script CMakeFiles/cmTC_735fb.dir/link.txt --verbose=1
/usr/lib/hardening-wrapper/bin/c++        CMakeFiles/cmTC_735fb.dir/testCXXCompiler.cxx.o  -o cmTC_735fb -rdynamic 
make[2]: Leaving directory '/home/justin/game/CMakeFiles/CMakeTmp'
make[1]: Leaving directory '/home/justin/game/CMakeFiles/CMakeTmp'


Detecting CXX compiler ABI info compiled with the following output:
Change Dir: /home/justin/game/CMakeFiles/CMakeTmp

Run Build Command:"/usr/bin/make" "cmTC_c59b1/fast"
make[1]: Entering directory '/home/justin/game/CMakeFiles/CMakeTmp'
/usr/bin/make -f CMakeFiles/cmTC_c59b1.dir/build.make CMakeFiles/cmTC_c59b1.dir/build
make[2]: Entering directory '/home/justin/game/CMakeFiles/CMakeTmp'
Building CXX object CMakeFiles/cmTC_c59b1.dir/CMakeCXXCompilerABI.cpp.o
/usr/lib/hardening-wrapper/bin/c++      -o CMakeFiles/cmTC_c59b1.dir/CMakeCXXCompilerABI.cpp.o -c /usr/share/cmake-3.4/Modules/CMakeCXXCompilerABI.cpp
Linking CXX executable cmTC_c59b1
/usr/bin/cmake -E cmake_link_script CMakeFiles/cmTC_c59b1.dir/link.txt --verbose=1
/usr/lib/hardening-wrapper/bin/c++       -v CMakeFiles/cmTC_c59b1.dir/CMakeCXXCompilerABI.cpp.o  -o cmTC_c59b1 -rdynamic  
Using built-in specs.
COLLECT_GCC=/usr/bin/c++
COLLECT_LTO_WRAPPER=/usr/lib/gcc/x86_64-unknown-linux-gnu/5.2.0/lto-wrapper
Target: x86_64-unknown-linux-gnu
Configured with: /build/gcc/src/gcc-5.2.0/configure --prefix=/usr --libdir=/usr/lib --libexecdir=/usr/lib --mandir=/usr/share/man --infodir=/usr/share/info --with-bugurl=https://bugs.archlinux.org/ --enable-languages=c,c++,ada,fortran,go,lto,objc,obj-c++ --enable-shared --enable-threads=posix --enable-libmpx --with-system-zlib --with-isl --enable-__cxa_atexit --disable-libunwind-exceptions --enable-clocale=gnu --disable-libstdcxx-pch --disable-libssp --enable-gnu-unique-object --enable-linker-build-id --enable-lto --enable-plugin --enable-install-libiberty --with-linker-hash-style=gnu --enable-gnu-indirect-function --disable-multilib --disable-werror --enable-checking=release --with-default-libstdcxx-abi=gcc4-compatible
Thread model: posix
gcc version 5.2.0 (GCC) 
COMPILER_PATH=/usr/lib/hardening-wrapper/bin/:/usr/lib/gcc/x86_64-unknown-linux-gnu/5.2.0/:/usr/lib/gcc/x86_64-unknown-linux-gnu/5.2.0/:/usr/lib/gcc/x86_64-unknown-linux-gnu/:/usr/lib/gcc/x86_64-unknown-linux-gnu/5.2.0/:/usr/lib/gcc/x86_64-unknown-linux-gnu/
LIBRARY_PATH=/usr/lib/hardening-wrapper/bin/:/usr/lib/gcc/x86_64-unknown-linux-gnu/5.2.0/:/usr/lib/gcc/x86_64-unknown-linux-gnu/5.2.0/../../../../lib/:/lib/../lib/:/usr/lib/../lib/:/usr/lib/gcc/x86_64-unknown-linux-gnu/5.2.0/../../../:/lib/:/usr/lib/
COLLECT_GCC_OPTIONS='-B' '/usr/lib/hardening-wrapper/bin' '-fPIE' '-pie' '-fstack-check=specific' '-fstack-protector-strong' '-v' '-o' 'cmTC_c59b1' '-rdynamic' '-shared-libgcc' '-mtune=generic' '-march=x86-64'
 /usr/lib/gcc/x86_64-unknown-linux-gnu/5.2.0/collect2 -plugin /usr/lib/gcc/x86_64-unknown-linux-gnu/5.2.0/liblto_plugin.so -plugin-opt=/usr/lib/gcc/x86_64-unknown-linux-gnu/5.2.0/lto-wrapper -plugin-opt=-fresolution=/tmp/ccA8MWOV.res -plugin-opt=-pass-through=-lgcc_s -plugin-opt=-pass-through=-lgcc -plugin-opt=-pass-through=-lc -plugin-opt=-pass-through=-lgcc_s -plugin-opt=-pass-through=-lgcc --build-id --eh-frame-hdr --hash-style=gnu -m elf_x86_64 -export-dynamic -dynamic-linker /lib64/ld-linux-x86-64.so.2 -pie -o cmTC_c59b1 /usr/lib/gcc/x86_64-unknown-linux-gnu/5.2.0/../../../../lib/Scrt1.o /usr/lib/gcc/x86_64-unknown-linux-gnu/5.2.0/../../../../lib/crti.o /usr/lib/gcc/x86_64-unknown-linux-gnu/5.2.0/crtbeginS.o -L/usr/lib/hardening-wrapper/bin -L/usr/lib/gcc/x86_64-unknown-linux-gnu/5.2.0 -L/usr/lib/gcc/x86_64-unknown-linux-gnu/5.2.0/../../../../lib -L/lib/../lib -L/usr/lib/../lib -L/usr/lib/gcc/x86_64-unknown-linux-gnu/5.2.0/../../.. CMakeFiles/cmTC_c59b1.dir/CMakeCXXCompilerABI.cpp.o -lstdc++ -lm -lgcc_s -lgcc -lc -lgcc_s -lgcc /usr/lib/gcc/x86_64-unknown-linux-gnu/5.2.0/crtendS.o /usr/lib/gcc/x86_64-unknown-linux-gnu/5.2.0/../../../../lib/crtn.o
make[2]: Leaving directory '/home/justin/game/CMakeFiles/CMakeTmp'
make[1]: Leaving directory '/home/justin/game/CMakeFiles/CMakeTmp'


Parsed CXX implicit link information from above output:
  link line regex: [^( *|.*[/\])(ld|([^/\]+-)?ld|collect2)[^/\]*( |$)]
  ignore line: [Change Dir: /home/justin/game/CMakeFiles/CMakeTmp]
  ignore line: []
  ignore line: [Run Build Command:"/usr/bin/make" "cmTC_c59b1/fast"]
  ignore line: [make[1]: Entering directory '/home/justin/game/CMakeFiles/CMakeTmp']
  ignore line: [/usr/bin/make -f CMakeFiles/cmTC_c59b1.dir/build.make CMakeFiles/cmTC_c59b1.dir/build]
  ignore line: [make[2]: Entering directory '/home/justin/game/CMakeFiles/CMakeTmp']
  ignore line: [Building CXX object CMakeFiles/cmTC_c59b1.dir/CMakeCXXCompilerABI.cpp.o]
  ignore line: [/usr/lib/hardening-wrapper/bin/c++      -o CMakeFiles/cmTC_c59b1.dir/CMakeCXXCompilerABI.cpp.o -c /usr/share/cmake-3.4/Modules/CMakeCXXCompilerABI.cpp]
  ignore line: [Linking CXX executable cmTC_c59b1]
  ignore line: [/usr/bin/cmake -E cmake_link_script CMakeFiles/cmTC_c59b1.dir/link.txt --verbose=1]
  ignore line: [/usr/lib/hardening-wrapper/bin/c++       -v CMakeFiles/cmTC_c59b1.dir/CMakeCXXCompilerABI.cpp.o  -o cmTC_c59b1 -rdynamic  ]
  ignore line: [Using built-in specs.]
  ignore line: [COLLECT_GCC=/usr/bin/c++]
  ignore line: [COLLECT_LTO_WRAPPER=/usr/lib/gcc/x86_64-unknown-linux-gnu/5.2.0/lto-wrapper]
  ignore line: [Target: x86_64-unknown-linux-gnu]
  ignore line: [Configured with: /build/gcc/src/gcc-5.2.0/configure --prefix=/usr --libdir=/usr/lib --libexecdir=/usr/lib --mandir=/usr/share/man --infodir=/usr/share/info --with-bugurl=https://bugs.archlinux.org/ --enable-languages=c,c++,ada,fortran,go,lto,objc,obj-c++ --enable-shared --enable-threads=posix --enable-libmpx --with-system-zlib --with-isl --enable-__cxa_atexit --disable-libunwind-exceptions --enable-clocale=gnu --disable-libstdcxx-pch --disable-libssp --enable-gnu-unique-object --enable-linker-build-id --enable-lto --enable-plugin --enable-install-libiberty --with-linker-hash-style=gnu --enable-gnu-indirect-function --disable-multilib --disable-werror --enable-checking=release --with-default-libstdcxx-abi=gcc4-compatible]
  ignore line: [Thread model: posix]
  ignore line: [gcc version 5.2.0 (GCC) ]
  ignore line: [COMPILER_PATH=/usr/lib/hardening-wrapper/bin/:/usr/lib/gcc/x86_64-unknown-linux-gnu/5.2.0/:/usr/lib/gcc/x86_64-unknown-linux-gnu/5.2.0/:/usr/lib/gcc/x86_64-unknown-linux-gnu/:/usr/lib/gcc/x86_64-unknown-linux-gnu/5.2.0/:/usr/lib/gcc/x86_64-unknown-linux-gnu/]
  ignore line: [LIBRARY_PATH=/usr/lib/hardening-wrapper/bin/:/usr/lib/gcc/x86_64-unknown-linux-gnu/5.2.0/:/usr/lib/gcc/x86_64-unknown-linux-gnu/5.2.0/../../../../lib/:/lib/../lib/:/usr/lib/../lib/:/usr/lib/gcc/x86_64-unknown-linux-gnu/5.2.0/../../../:/lib/:/usr/lib/]
  ignore line: [COLLECT_GCC_OPTIONS='-B' '/usr/lib/hardening-wrapper/bin' '-fPIE' '-pie' '-fstack-check=specific' '-fstack-protector-strong' '-v' '-o' 'cmTC_c59b1' '-rdynamic' '-shared-libgcc' '-mtune=generic' '-march=x86-64']
  link line: [ /usr/lib/gcc/x86_64-unknown-linux-gnu/5.2.0/collect2 -plugin /usr/lib/gcc/x86_64-unknown-linux-gnu/5.2.0/liblto_plugin.so -plugin-opt=/usr/lib/gcc/x86_64-unknown-linux-gnu/5.2.0/lto-wrapper -plugin-opt=-fresolution=/tmp/ccA8MWOV.res -plugin-opt=-pass-through=-lgcc_s -plugin-opt=-pass-through=-lgcc -plugin-opt=-pass-through=-lc -plugin-opt=-pass-through=-lgcc_s -plugin-opt=-pass-through=-lgcc --build-id --eh-frame-hdr --hash-style=gnu -m elf_x86_64 -export-dynamic -dynamic-linker /lib64/ld-linux-x86-64.so.2 -pie -o cmTC_c59b1 /usr/lib/gcc/x86_64-unknown-linux-gnu/5.2.0/../../../../lib/Scrt1.o /usr/lib/gcc/x86_64-unknown-linux-gnu/5.2.0/../../../../lib/crti.o /usr/lib/gcc/x86_64-unknown-linux-gnu/5.2.0/crtbeginS.o -L/usr/lib/hardening-wrapper/bin -L/usr/lib/gcc/x86_64-unknown-linux-gnu/5.2.0 -L/usr/lib/gcc/x86_64-unknown-linux-gnu/5.2.0/../../../../lib -L/lib/../lib -L/usr/lib/../lib -L/usr/lib/gcc/x86_64-unknown-linux-gnu/5.2.0/../../.. CMakeFiles/cmTC_c59b1.dir/CMakeCXXCompilerABI.cpp.o -lstdc++ -lm -lgcc_s -lgcc -lc -lgcc_s -lgcc /usr/lib/gcc/x86_64-unknown-linux-gnu/5.2.0/crtendS.o /usr/lib/gcc/x86_64-unknown-linux-gnu/5.2.0/../../../../lib/crtn.o]
    arg [/usr/lib/gcc/x86_64-unknown-linux-gnu/5.2.0/collect2] ==> ignore
    arg [-plugin] ==> ignore
    arg [/usr/lib/gcc/x86_64-unknown-linux-gnu/5.2.0/liblto_plugin.so] ==> ignore
    arg [-plugin-opt=/usr/lib/gcc/x86_64-unknown-linux-gnu/5.2.0/lto-wrapper] ==> ignore
    arg [-plugin-opt=-fresolution=/tmp/ccA8MWOV.res] ==> ignore
    arg [-plugin-opt=-pass-through=-lgcc_s] ==> ignore
    arg [-plugin-opt=-pass-through=-lgcc] ==> ignore
    arg [-plugin-opt=-pass-through=-lc] ==> ignore
    arg [-plugin-opt=-pass-through=-lgcc_s] ==> ignore
    arg [-plugin-opt=-pass-through=-lgcc] ==> ignore
    arg [--build-id] ==> ignore
    arg [--eh-frame-hdr] ==> ignore
    arg [--hash-style=gnu] ==> ignore
    arg [-m] ==> ignore
    arg [elf_x86_64] ==> ignore
    arg [-export-dynamic] ==> ignore
    arg [-dynamic-linker] ==> ignore
    arg [/lib64/ld-linux-x86-64.so.2] ==> ignore
    arg [-pie] ==> ignore
    arg [-o] ==> ignore
    arg [cmTC_c59b1] ==> ignore
    arg [/usr/lib/gcc/x86_64-unknown-linux-gnu/5.2.0/../../../../lib/Scrt1.o] ==> ignore
    arg [/usr/lib/gcc/x86_64-unknown-linux-gnu/5.2.0/../../../../lib/crti.o] ==> ignore
    arg [/usr/lib/gcc/x86_64-unknown-linux-gnu/5.2.0/crtbeginS.o] ==> ignore
    arg [-L/usr/lib/hardening-wrapper/bin] ==> dir [/usr/lib/hardening-wrapper/bin]
    arg [-L/usr/lib/gcc/x86_64-unknown-linux-gnu/5.2.0] ==> dir [/usr/lib/gcc/x86_64-unknown-linux-gnu/5.2.0]
    arg [-L/usr/lib/gcc/x86_64-unknown-linux-gnu/5.2.0/../../../../lib] ==> dir [/usr/lib/gcc/x86_64-unknown-linux-gnu/5.2.0/../../../../lib]
    arg [-L/lib/../lib] ==> dir [/lib/../lib]
    arg [-L/usr/lib/../lib] ==> dir [/usr/lib/../lib]
    arg [-L/usr/lib/gcc/x86_64-unknown-linux-gnu/5.2.0/../../..] ==> dir [/usr/lib/gcc/x86_64-unknown-linux-gnu/5.2.0/../../..]
    arg [CMakeFiles/cmTC_c59b1.dir/CMakeCXXCompilerABI.cpp.o] ==> ignore
    arg [-lstdc++] ==> lib [stdc++]
    arg [-lm] ==> lib [m]
    arg [-lgcc_s] ==> lib [gcc_s]
    arg [-lgcc] ==> lib [gcc]
    arg [-lc] ==> lib [c]
    arg [-lgcc_s] ==> lib [gcc_s]
    arg [-lgcc] ==> lib [gcc]
    arg [/usr/lib/gcc/x86_64-unknown-linux-gnu/5.2.0/crtendS.o] ==> ignore
    arg [/usr/lib/gcc/x86_64-unknown-linux-gnu/5.2.0/../../../../lib/crtn.o] ==> ignore
  remove lib [gcc_s]
  remove lib [gcc]
  remove lib [gcc_s]
  remove lib [gcc]
  collapse library dir [/usr/lib/hardening-wrapper/bin] ==> [/usr/lib/hardening-wrapper/bin]
  collapse library dir [/usr/lib/gcc/x86_64-unknown-linux-gnu/5.2.0] ==> [/usr/lib/gcc/x86_64-unknown-linux-gnu/5.2.0]
  collapse library dir [/usr/lib/gcc/x86_64-unknown-linux-gnu/5.2.0/../../../../lib] ==> [/usr/lib]
  collapse library dir [/lib/../lib] ==> [/lib]
  collapse library dir [/usr/lib/../lib] ==> [/usr/lib]
  collapse library dir [/usr/lib/gcc/x86_64-unknown-linux-gnu/5.2.0/../../..] ==> [/usr/lib]
  implicit libs: [stdc++;m;c]
  implicit dirs: [/usr/lib/hardening-wrapper/bin;/usr/lib/gcc/x86_64-unknown-linux-gnu/5.2.0;/usr/lib;/lib]
  implicit fwks: []




Detecting CXX [-std=c++14] compiler features compiled with the following output:
Change Dir: /home/justin/game/CMakeFiles/CMakeTmp

Run Build Command:"/usr/bin/make" "cmTC_ebdaa/fast"
make[1]: Entering directory '/home/justin/game/CMakeFiles/CMakeTmp'
/usr/bin/make -f CMakeFiles/cmTC_ebdaa.dir/build.make CMakeFiles/cmTC_ebdaa.dir/build
make[2]: Entering directory '/home/justin/game/CMakeFiles/CMakeTmp'
Building CXX object CMakeFiles/cmTC_ebdaa.dir/feature_tests.cxx.o
/usr/lib/hardening-wrapper/bin/c++     -std=c++14 -o CMakeFiles/cmTC_ebdaa.dir/feature_tests.cxx.o -c /home/justin/game/CMakeFiles/feature_tests.cxx
Linking CXX executable cmTC_ebdaa
/usr/bin/cmake -E cmake_link_script CMakeFiles/cmTC_ebdaa.dir/link.txt --verbose=1
/usr/lib/hardening-wrapper/bin/c++        CMakeFiles/cmTC_ebdaa.dir/feature_tests.cxx.o  -o cmTC_ebdaa -rdynamic 
make[2]: Leaving directory '/home/justin/game/CMakeFiles/CMakeTmp'
make[1]: Leaving directory '/home/justin/game/CMakeFiles/CMakeTmp'


    Feature record: CXX_FEATURE:1cxx_aggregate_default_initializers
    Feature record: CXX_FEATURE:1cxx_alias_templates
    Feature record: CXX_FEATURE:1cxx_alignas
    Feature record: CXX_FEATURE:1cxx_alignof
    Feature record: CXX_FEATURE:1cxx_attributes
    Feature record: CXX_FEATURE:1cxx_attribute_deprecated
    Feature record: CXX_FEATURE:1cxx_auto_type
    Feature record: CXX_FEATURE:1cxx_binary_literals
    Feature record: CXX_FEATURE:1cxx_constexpr
    Feature record: CXX_FEATURE:1cxx_contextual_conversions
    Feature record: CXX_FEATURE:1cxx_decltype
    Feature record: CXX_FEATURE:1cxx_decltype_auto
    Feature record: CXX_FEATURE:1cxx_decltype_incomplete_return_types
    Feature record: CXX_FEATURE:1cxx_default_function_template_args
    Feature record: CXX_FEATURE:1cxx_defaulted_functions
    Feature record: CXX_FEATURE:1cxx_defaulted_move_initializers
    Feature record: CXX_FEATURE:1cxx_delegating_constructors
    Feature record: CXX_FEATURE:1cxx_deleted_functions
    Feature record: CXX_FEATURE:1cxx_digit_separators
    Feature record: CXX_FEATURE:1cxx_enum_forward_declarations
    Feature record: CXX_FEATURE:1cxx_explicit_conversions
    Feature record: CXX_FEATURE:1cxx_extended_friend_declarations
    Feature record: CXX_FEATURE:1cxx_extern_templates
    Feature record: CXX_FEATURE:1cxx_final
    Feature record: CXX_FEATURE:1cxx_func_identifier
    Feature record: CXX_FEATURE:1cxx_generalized_initializers
    Feature record: CXX_FEATURE:1cxx_generic_lambdas
    Feature record: CXX_FEATURE:1cxx_inheriting_constructors
    Feature record: CXX_FEATURE:1cxx_inline_namespaces
    Feature record: CXX_FEATURE:1cxx_lambdas
    Feature record: CXX_FEATURE:1cxx_lambda_init_captures
    Feature record: CXX_FEATURE:1cxx_local_type_template_args
    Feature record: CXX_FEATURE:1cxx_long_long_type
    Feature record: CXX_FEATURE:1cxx_noexcept
    Feature record: CXX_FEATURE:1cxx_nonstatic_member_init
    Feature record: CXX_FEATURE:1cxx_nullptr
    Feature record: CXX_FEATURE:1cxx_override
    Feature record: CXX_FEATURE:1cxx_range_for
    Feature record: CXX_FEATURE:1cxx_raw_string_literals
    Feature record: CXX_FEATURE:1cxx_reference_qualified_functions
    Feature record: CXX_FEATURE:1cxx_relaxed_constexpr
    Feature record: CXX_FEATURE:1cxx_return_type_deduction
    Feature record: CXX_FEATURE:1cxx_right_angle_brackets
    Feature record: CXX_FEATURE:1cxx_rvalue_references
    Feature record: CXX_FEATURE:1cxx_sizeof_member
    Feature record: CXX_FEATURE:1cxx_static_assert
    Feature record: CXX_FEATURE:1cxx_strong_enums
    Feature record: CXX_FEATURE:1cxx_template_template_parameters
    Feature record: CXX_FEATURE:1cxx_thread_local
    Feature record: CXX_FEATURE:1cxx_trailing_return_types
    Feature record: CXX_FEATURE:1cxx_unicode_literals
    Feature record: CXX_FEATURE:1cxx_uniform_initialization
    Feature record: CXX_FEATURE:1cxx_unrestricted_unions
    Feature record: CXX_FEATURE:1cxx_user_literals
    Feature record: CXX_FEATURE:1cxx_variable_templates
    Feature record: CXX_FEATURE:1cxx_variadic_macros
    Feature record: CXX_FEATURE:1cxx_variadic_templates


Detecting CXX [-std=c++11] compiler features compiled with the following output:
Change Dir: /home/justin/game/CMakeFiles/CMakeTmp

Run Build Command:"/usr/bin/make" "cmTC_5c6ab/fast"
make[1]: Entering directory '/home/justin/game/CMakeFiles/CMakeTmp'
/usr/bin/make -f CMakeFiles/cmTC_5c6ab.dir/build.make CMakeFiles/cmTC_5c6ab.dir/build
make[2]: Entering directory '/home/justin/game/CMakeFiles/CMakeTmp'
Building CXX object CMakeFiles/cmTC_5c6ab.dir/feature_tests.cxx.o
/usr/lib/hardening-wrapper/bin/c++     -std=c++11 -o CMakeFiles/cmTC_5c6ab.dir/feature_tests.cxx.o -c /home/justin/game/CMakeFiles/feature_tests.cxx
Linking CXX executable cmTC_5c6ab
/usr/bin/cmake -E cmake_link_script CMakeFiles/cmTC_5c6ab.dir/link.txt --verbose=1
/usr/lib/hardening-wrapper/bin/c++        CMakeFiles/cmTC_5c6ab.dir/feature_tests.cxx.o  -o cmTC_5c6ab -rdynamic 
make[2]: Leaving directory '/home/justin/game/CMakeFiles/CMakeTmp'
make[1]: Leaving directory '/home/justin/game/CMakeFiles/CMakeTmp'


    Feature record: CXX_FEATURE:0cxx_aggregate_default_initializers
    Feature record: CXX_FEATURE:1cxx_alias_templates
    Feature record: CXX_FEATURE:1cxx_alignas
    Feature record: CXX_FEATURE:1cxx_alignof
    Feature record: CXX_FEATURE:1cxx_attributes
    Feature record: CXX_FEATURE:0cxx_attribute_deprecated
    Feature record: CXX_FEATURE:1cxx_auto_type
    Feature record: CXX_FEATURE:0cxx_binary_literals
    Feature record: CXX_FEATURE:1cxx_constexpr
    Feature record: CXX_FEATURE:0cxx_contextual_conversions
    Feature record: CXX_FEATURE:1cxx_decltype
    Feature record: CXX_FEATURE:0cxx_decltype_auto
    Feature record: CXX_FEATURE:1cxx_decltype_incomplete_return_types
    Feature record: CXX_FEATURE:1cxx_default_function_template_args
    Feature record: CXX_FEATURE:1cxx_defaulted_functions
    Feature record: CXX_FEATURE:1cxx_defaulted_move_initializers
    Feature record: CXX_FEATURE:1cxx_delegating_constructors
    Feature record: CXX_FEATURE:1cxx_deleted_functions
    Feature record: CXX_FEATURE:0cxx_digit_separators
    Feature record: CXX_FEATURE:1cxx_enum_forward_declarations
    Feature record: CXX_FEATURE:1cxx_explicit_conversions
    Feature record: CXX_FEATURE:1cxx_extended_friend_declarations
    Feature record: CXX_FEATURE:1cxx_extern_templates
    Feature record: CXX_FEATURE:1cxx_final
    Feature record: CXX_FEATURE:1cxx_func_identifier
    Feature record: CXX_FEATURE:1cxx_generalized_initializers
    Feature record: CXX_FEATURE:0cxx_generic_lambdas
    Feature record: CXX_FEATURE:1cxx_inheriting_constructors
    Feature record: CXX_FEATURE:1cxx_inline_namespaces
    Feature record: CXX_FEATURE:1cxx_lambdas
    Feature record: CXX_FEATURE:0cxx_lambda_init_captures
    Feature record: CXX_FEATURE:1cxx_local_type_template_args
    Feature record: CXX_FEATURE:1cxx_long_long_type
    Feature record: CXX_FEATURE:1cxx_noexcept
    Feature record: CXX_FEATURE:1cxx_nonstatic_member_init
    Feature record: CXX_FEATURE:1cxx_nullptr
    Feature record: CXX_FEATURE:1cxx_override
    Feature record: CXX_FEATURE:1cxx_range_for
    Feature record: CXX_FEATURE:1cxx_raw_string_literals
    Feature record: CXX_FEATURE:1cxx_reference_qualified_functions
    Feature record: CXX_FEATURE:0cxx_relaxed_constexpr
    Feature record: CXX_FEATURE:0cxx_return_type_deduction
    Feature record: CXX_FEATURE:1cxx_right_angle_brackets
    Feature record: CXX_FEATURE:1cxx_rvalue_references
    Feature record: CXX_FEATURE:1cxx_sizeof_member
    Feature record: CXX_FEATURE:1cxx_static_assert
    Feature record: CXX_FEATURE:1cxx_strong_enums
    Feature record: CXX_FEATURE:1cxx_template_template_parameters
    Feature record: CXX_FEATURE:1cxx_thread_local
    Feature record: CXX_FEATURE:1cxx_trailing_return_types
    Feature record: CXX_FEATURE:1cxx_unicode_literals
    Feature record: CXX_FEATURE:1cxx_uniform_initialization
    Feature record: CXX_FEATURE:1cxx_unrestricted_unions
    Feature record: CXX_FEATURE:1cxx_user_literals
    Feature record: CXX_FEATURE:0cxx_variable_templates
    Feature record: CXX_FEATURE:1cxx_variadic_macros
    Feature record: CXX_FEATURE:1cxx_variadic_templates


Detecting CXX [-std=c++98] compiler features compiled with the following output:
Change Dir: /home/justin/game/CMakeFiles/CMakeTmp

Run Build Command:"/usr/bin/make" "cmTC_17d21/fast"
make[1]: Entering directory '/home/justin/game/CMakeFiles/CMakeTmp'
/usr/bin/make -f CMakeFiles/cmTC_17d21.dir/build.make CMakeFiles/cmTC_17d21.dir/build
make[2]: Entering directory '/home/justin/game/CMakeFiles/CMakeTmp'
Building CXX object CMakeFiles/cmTC_17d21.dir/feature_tests.cxx.o
/usr/lib/hardening-wrapper/bin/c++     -std=c++98 -o CMakeFiles/cmTC_17d21.dir/feature_tests.cxx.o -c /home/justin/game/CMakeFiles/feature_tests.cxx
Linking CXX executable cmTC_17d21
/usr/bin/cmake -E cmake_link_script CMakeFiles/cmTC_17d21.dir/link.txt --verbose=1
/usr/lib/hardening-wrapper/bin/c++        CMakeFiles/cmTC_17d21.dir/feature_tests.cxx.o  -o cmTC_17d21 -rdynamic 
make[2]: Leaving directory '/home/justin/game/CMakeFiles/CMakeTmp'
make[1]: Leaving directory '/home/justin/game/CMakeFiles/CMakeTmp'


    Feature record: CXX_FEATURE:0cxx_aggregate_default_initializers
    Feature record: CXX_FEATURE:0cxx_alias_templates
    Feature record: CXX_FEATURE:0cxx_alignas
    Feature record: CXX_FEATURE:0cxx_alignof
    Feature record: CXX_FEATURE:0cxx_attributes
    Feature record: CXX_FEATURE:0cxx_attribute_deprecated
    Feature record: CXX_FEATURE:0cxx_auto_type
    Feature record: CXX_FEATURE:0cxx_binary_literals
    Feature record: CXX_FEATURE:0cxx_constexpr
    Feature record: CXX_FEATURE:0cxx_contextual_conversions
    Feature record: CXX_FEATURE:0cxx_decltype
    Feature record: CXX_FEATURE:0cxx_decltype_auto
    Feature record: CXX_FEATURE:0cxx_decltype_incomplete_return_types
    Feature record: CXX_FEATURE:0cxx_default_function_template_args
    Feature record: CXX_FEATURE:0cxx_defaulted_functions
    Feature record: CXX_FEATURE:0cxx_defaulted_move_initializers
    Feature record: CXX_FEATURE:0cxx_delegating_constructors
    Feature record: CXX_FEATURE:0cxx_deleted_functions
    Feature record: CXX_FEATURE:0cxx_digit_separators
    Feature record: CXX_FEATURE:0cxx_enum_forward_declarations
    Feature record: CXX_FEATURE:0cxx_explicit_conversions
    Feature record: CXX_FEATURE:0cxx_extended_friend_declarations
    Feature record: CXX_FEATURE:0cxx_extern_templates
    Feature record: CXX_FEATURE:0cxx_final
    Feature record: CXX_FEATURE:0cxx_func_identifier
    Feature record: CXX_FEATURE:0cxx_generalized_initializers
    Feature record: CXX_FEATURE:0cxx_generic_lambdas
    Feature record: CXX_FEATURE:0cxx_inheriting_constructors
    Feature record: CXX_FEATURE:0cxx_inline_namespaces
    Feature record: CXX_FEATURE:0cxx_lambdas
    Feature record: CXX_FEATURE:0cxx_lambda_init_captures
    Feature record: CXX_FEATURE:0cxx_local_type_template_args
    Feature record: CXX_FEATURE:0cxx_long_long_type
    Feature record: CXX_FEATURE:0cxx_noexcept
    Feature record: CXX_FEATURE:0cxx_nonstatic_member_init
    Feature record: CXX_FEATURE:0cxx_nullptr
    Feature record: CXX_FEATURE:0cxx_override
    Feature record: CXX_FEATURE:0cxx_range_for
    Feature record: CXX_FEATURE:0cxx_raw_string_literals
    Feature record: CXX_FEATURE:0cxx_reference_qualified_functions
    Feature record: CXX_FEATURE:0cxx_relaxed_constexpr
    Feature record: CXX_FEATURE:0cxx_return_type_deduction
    Feature record: CXX_FEATURE:0cxx_right_angle_brackets
    Feature record: CXX_FEATURE:0cxx_rvalue_references
    Feature record: CXX_FEATURE:0cxx_sizeof_member
    Feature record: CXX_FEATURE:0cxx_static_assert
    Feature record: CXX_FEATURE:0cxx_strong_enums
    Feature record: CXX_FEATURE:1cxx_template_template_parameters
    Feature record: CXX_FEATURE:0cxx_thread_local
    Feature record: CXX_FEATURE:0cxx_trailing_return_types
    Feature record: CXX_FEATURE:0cxx_unicode_literals
    Feature record: CXX_FEATURE:0cxx_uniform_initialization
    Feature record: CXX_FEATURE:0cxx_unrestricted_unions
    Feature record: CXX_FEATURE:0cxx_user_literals
    Feature record: CXX_FEATURE:0cxx_variable_templates
    Feature record: CXX_FEATURE:0cxx_variadic_macros
    Feature record: CXX_FEATURE:0cxx_variadic_templates
